CRITICAL - 2023-10-14 07:16:21 --> The framework needs the following extension(s) installed and loaded: intl.
#0 C:\xampp\htdocs\cafein\system\CodeIgniter.php(219): CodeIgniter\Exceptions\FrameworkException::forMissingExtension('intl')
#1 C:\xampp\htdocs\cafein\system\CodeIgniter.php(177): CodeIgniter\CodeIgniter->resolvePlatformExtensions()
#2 C:\xampp\htdocs\cafein\system\bootstrap.php(146): CodeIgniter\CodeIgniter->initialize()
#3 C:\xampp\htdocs\cafein\spark(45): require('C:\\xampp\\htdocs...')
#4 {main}
CRITICAL - 2023-10-14 07:17:26 --> The framework needs the following extension(s) installed and loaded: intl.
#0 C:\xampp\htdocs\cafein\system\CodeIgniter.php(219): CodeIgniter\Exceptions\FrameworkException::forMissingExtension('intl')
#1 C:\xampp\htdocs\cafein\system\CodeIgniter.php(177): CodeIgniter\CodeIgniter->resolvePlatformExtensions()
#2 C:\xampp\htdocs\cafein\system\bootstrap.php(146): CodeIgniter\CodeIgniter->initialize()
#3 C:\xampp\htdocs\cafein\spark(45): require('C:\\xampp\\htdocs...')
#4 {main}
CRITICAL - 2023-10-14 00:18:18 --> Creation of dynamic property App\Controllers\Dashboard::$menuModel is deprecated
#0 C:\xampp\htdocs\cafein\app\Controllers\Dashboard.php(14): CodeIgniter\Debug\Exceptions->errorHandler(8192, 'Creation of dyn...', 'C:\\xampp\\htdocs...', 14)
#1 C:\xampp\htdocs\cafein\system\CodeIgniter.php(801): App\Controllers\Dashboard->__construct()
#2 C:\xampp\htdocs\cafein\system\CodeIgniter.php(401): CodeIgniter\CodeIgniter->createController()
#3 C:\xampp\htdocs\cafein\system\CodeIgniter.php(318): CodeIgniter\CodeIgniter->handleRequest(NULL, Object(Config\Cache), false)
#4 C:\xampp\htdocs\cafein\public\index.php(37): CodeIgniter\CodeIgniter->run()
#5 C:\xampp\htdocs\cafein\system\Commands\Server\rewrite.php(43): require_once('C:\\xampp\\htdocs...')
#6 {main}
CRITICAL - 2023-10-14 00:18:18 --> Uncaught ErrorException: strtolower(): Passing null to parameter #1 ($string) of type string is deprecated in C:\xampp\htdocs\cafein\system\Validation\FormatRules.php:253
Stack trace:
#0 [internal function]: CodeIgniter\Debug\Exceptions->errorHandler(8192, 'strtolower(): P...', 'C:\\xampp\\htdocs...', 253)
#1 C:\xampp\htdocs\cafein\system\Validation\FormatRules.php(253): strtolower(NULL)
#2 C:\xampp\htdocs\cafein\system\HTTP\RequestTrait.php(151): CodeIgniter\Validation\FormatRules->valid_ip('::1')
#3 C:\xampp\htdocs\cafein\app\Views\errors\html\error_exception.php(206): CodeIgniter\HTTP\Request->getIPAddress()
#4 C:\xampp\htdocs\cafein\system\Debug\Exceptions.php(229): include('C:\\xampp\\htdocs...')
#5 C:\xampp\htdocs\cafein\system\Debug\Exceptions.php(232): CodeIgniter\Debug\Exceptions->CodeIgniter\Debug\{closure}()
#6 C:\xampp\htdocs\cafein\system\Debug\Exceptions.php(116): CodeIgniter\Debug\Exceptions->render(Object(ErrorException), 500)
#7 [internal function]: CodeIgniter\Debug\Exceptions->exceptionHandler(Object(ErrorException))
#8 {main}
  thrown
#0 [internal function]: CodeIgniter\Debug\Exceptions->shutdownHandler()
#1 {main}
