CRITICAL - 2023-12-23 09:50:13 --> str_replace(): Passing null to parameter #2 ($replace) of type array|string is deprecated
#0 [internal function]: CodeIgniter\Debug\Exceptions->errorHandler(8192, 'str_replace(): ...', 'C:\\xampp\\htdocs...', 669)
#1 C:\xampp\htdocs\cafein\system\Validation\Validation.php(669): str_replace('{value}', NULL, 'file is too lar...')
#2 C:\xampp\htdocs\cafein\system\Validation\Validation.php(298): CodeIgniter\Validation\Validation->getErrorMessage('max_size', 'file', 'file', 'file,2048', NULL)
#3 C:\xampp\htdocs\cafein\system\Validation\Validation.php(151): CodeIgniter\Validation\Validation->processRules('file', 'file', NULL, Array, Array)
#4 C:\xampp\htdocs\cafein\app\Controllers\Menu.php(89): CodeIgniter\Validation\Validation->run()
#5 C:\xampp\htdocs\cafein\system\CodeIgniter.php(824): App\Controllers\Menu->upload()
#6 C:\xampp\htdocs\cafein\system\CodeIgniter.php(410): CodeIgniter\CodeIgniter->runController(Object(App\Controllers\Menu))
#7 C:\xampp\htdocs\cafein\system\CodeIgniter.php(318): CodeIgniter\CodeIgniter->handleRequest(NULL, Object(Config\Cache), false)
#8 C:\xampp\htdocs\cafein\index.php(37): CodeIgniter\CodeIgniter->run()
#9 {main}
CRITICAL - 2023-12-23 09:50:18 --> str_replace(): Passing null to parameter #2 ($replace) of type array|string is deprecated
#0 [internal function]: CodeIgniter\Debug\Exceptions->errorHandler(8192, 'str_replace(): ...', 'C:\\xampp\\htdocs...', 669)
#1 C:\xampp\htdocs\cafein\system\Validation\Validation.php(669): str_replace('{value}', NULL, 'file is too lar...')
#2 C:\xampp\htdocs\cafein\system\Validation\Validation.php(298): CodeIgniter\Validation\Validation->getErrorMessage('max_size', 'file', 'file', 'file,2048', NULL)
#3 C:\xampp\htdocs\cafein\system\Validation\Validation.php(151): CodeIgniter\Validation\Validation->processRules('file', 'file', NULL, Array, Array)
#4 C:\xampp\htdocs\cafein\app\Controllers\Menu.php(89): CodeIgniter\Validation\Validation->run()
#5 C:\xampp\htdocs\cafein\system\CodeIgniter.php(824): App\Controllers\Menu->upload()
#6 C:\xampp\htdocs\cafein\system\CodeIgniter.php(410): CodeIgniter\CodeIgniter->runController(Object(App\Controllers\Menu))
#7 C:\xampp\htdocs\cafein\system\CodeIgniter.php(318): CodeIgniter\CodeIgniter->handleRequest(NULL, Object(Config\Cache), false)
#8 C:\xampp\htdocs\cafein\index.php(37): CodeIgniter\CodeIgniter->run()
#9 {main}
CRITICAL - 2023-12-23 09:50:21 --> str_replace(): Passing null to parameter #2 ($replace) of type array|string is deprecated
#0 [internal function]: CodeIgniter\Debug\Exceptions->errorHandler(8192, 'str_replace(): ...', 'C:\\xampp\\htdocs...', 669)
#1 C:\xampp\htdocs\cafein\system\Validation\Validation.php(669): str_replace('{value}', NULL, 'file is too lar...')
#2 C:\xampp\htdocs\cafein\system\Validation\Validation.php(298): CodeIgniter\Validation\Validation->getErrorMessage('max_size', 'file', 'file', 'file,2048', NULL)
#3 C:\xampp\htdocs\cafein\system\Validation\Validation.php(151): CodeIgniter\Validation\Validation->processRules('file', 'file', NULL, Array, Array)
#4 C:\xampp\htdocs\cafein\app\Controllers\Menu.php(89): CodeIgniter\Validation\Validation->run()
#5 C:\xampp\htdocs\cafein\system\CodeIgniter.php(824): App\Controllers\Menu->upload()
#6 C:\xampp\htdocs\cafein\system\CodeIgniter.php(410): CodeIgniter\CodeIgniter->runController(Object(App\Controllers\Menu))
#7 C:\xampp\htdocs\cafein\system\CodeIgniter.php(318): CodeIgniter\CodeIgniter->handleRequest(NULL, Object(Config\Cache), false)
#8 C:\xampp\htdocs\cafein\index.php(37): CodeIgniter\CodeIgniter->run()
#9 {main}
CRITICAL - 2023-12-23 09:50:22 --> str_replace(): Passing null to parameter #2 ($replace) of type array|string is deprecated
#0 [internal function]: CodeIgniter\Debug\Exceptions->errorHandler(8192, 'str_replace(): ...', 'C:\\xampp\\htdocs...', 669)
#1 C:\xampp\htdocs\cafein\system\Validation\Validation.php(669): str_replace('{value}', NULL, 'file is too lar...')
#2 C:\xampp\htdocs\cafein\system\Validation\Validation.php(298): CodeIgniter\Validation\Validation->getErrorMessage('max_size', 'file', 'file', 'file,2048', NULL)
#3 C:\xampp\htdocs\cafein\system\Validation\Validation.php(151): CodeIgniter\Validation\Validation->processRules('file', 'file', NULL, Array, Array)
#4 C:\xampp\htdocs\cafein\app\Controllers\Menu.php(89): CodeIgniter\Validation\Validation->run()
#5 C:\xampp\htdocs\cafein\system\CodeIgniter.php(824): App\Controllers\Menu->upload()
#6 C:\xampp\htdocs\cafein\system\CodeIgniter.php(410): CodeIgniter\CodeIgniter->runController(Object(App\Controllers\Menu))
#7 C:\xampp\htdocs\cafein\system\CodeIgniter.php(318): CodeIgniter\CodeIgniter->handleRequest(NULL, Object(Config\Cache), false)
#8 C:\xampp\htdocs\cafein\index.php(37): CodeIgniter\CodeIgniter->run()
#9 {main}
CRITICAL - 2023-12-23 09:50:22 --> str_replace(): Passing null to parameter #2 ($replace) of type array|string is deprecated
#0 [internal function]: CodeIgniter\Debug\Exceptions->errorHandler(8192, 'str_replace(): ...', 'C:\\xampp\\htdocs...', 669)
#1 C:\xampp\htdocs\cafein\system\Validation\Validation.php(669): str_replace('{value}', NULL, 'file is too lar...')
#2 C:\xampp\htdocs\cafein\system\Validation\Validation.php(298): CodeIgniter\Validation\Validation->getErrorMessage('max_size', 'file', 'file', 'file,2048', NULL)
#3 C:\xampp\htdocs\cafein\system\Validation\Validation.php(151): CodeIgniter\Validation\Validation->processRules('file', 'file', NULL, Array, Array)
#4 C:\xampp\htdocs\cafein\app\Controllers\Menu.php(89): CodeIgniter\Validation\Validation->run()
#5 C:\xampp\htdocs\cafein\system\CodeIgniter.php(824): App\Controllers\Menu->upload()
#6 C:\xampp\htdocs\cafein\system\CodeIgniter.php(410): CodeIgniter\CodeIgniter->runController(Object(App\Controllers\Menu))
#7 C:\xampp\htdocs\cafein\system\CodeIgniter.php(318): CodeIgniter\CodeIgniter->handleRequest(NULL, Object(Config\Cache), false)
#8 C:\xampp\htdocs\cafein\index.php(37): CodeIgniter\CodeIgniter->run()
#9 {main}
CRITICAL - 2023-12-23 09:50:27 --> str_replace(): Passing null to parameter #2 ($replace) of type array|string is deprecated
#0 [internal function]: CodeIgniter\Debug\Exceptions->errorHandler(8192, 'str_replace(): ...', 'C:\\xampp\\htdocs...', 669)
#1 C:\xampp\htdocs\cafein\system\Validation\Validation.php(669): str_replace('{value}', NULL, 'file is too lar...')
#2 C:\xampp\htdocs\cafein\system\Validation\Validation.php(298): CodeIgniter\Validation\Validation->getErrorMessage('max_size', 'file', 'file', 'file,2048', NULL)
#3 C:\xampp\htdocs\cafein\system\Validation\Validation.php(151): CodeIgniter\Validation\Validation->processRules('file', 'file', NULL, Array, Array)
#4 C:\xampp\htdocs\cafein\app\Controllers\Menu.php(89): CodeIgniter\Validation\Validation->run()
#5 C:\xampp\htdocs\cafein\system\CodeIgniter.php(824): App\Controllers\Menu->upload()
#6 C:\xampp\htdocs\cafein\system\CodeIgniter.php(410): CodeIgniter\CodeIgniter->runController(Object(App\Controllers\Menu))
#7 C:\xampp\htdocs\cafein\system\CodeIgniter.php(318): CodeIgniter\CodeIgniter->handleRequest(NULL, Object(Config\Cache), false)
#8 C:\xampp\htdocs\cafein\index.php(37): CodeIgniter\CodeIgniter->run()
#9 {main}
CRITICAL - 2023-12-23 09:50:41 --> str_replace(): Passing null to parameter #2 ($replace) of type array|string is deprecated
#0 [internal function]: CodeIgniter\Debug\Exceptions->errorHandler(8192, 'str_replace(): ...', 'C:\\xampp\\htdocs...', 669)
#1 C:\xampp\htdocs\cafein\system\Validation\Validation.php(669): str_replace('{value}', NULL, 'file is too lar...')
#2 C:\xampp\htdocs\cafein\system\Validation\Validation.php(298): CodeIgniter\Validation\Validation->getErrorMessage('max_size', 'file', 'file', 'file,2048', NULL)
#3 C:\xampp\htdocs\cafein\system\Validation\Validation.php(151): CodeIgniter\Validation\Validation->processRules('file', 'file', NULL, Array, Array)
#4 C:\xampp\htdocs\cafein\app\Controllers\Menu.php(89): CodeIgniter\Validation\Validation->run()
#5 C:\xampp\htdocs\cafein\system\CodeIgniter.php(824): App\Controllers\Menu->upload()
#6 C:\xampp\htdocs\cafein\system\CodeIgniter.php(410): CodeIgniter\CodeIgniter->runController(Object(App\Controllers\Menu))
#7 C:\xampp\htdocs\cafein\system\CodeIgniter.php(318): CodeIgniter\CodeIgniter->handleRequest(NULL, Object(Config\Cache), false)
#8 C:\xampp\htdocs\cafein\index.php(37): CodeIgniter\CodeIgniter->run()
#9 {main}
CRITICAL - 2023-12-23 09:50:43 --> str_replace(): Passing null to parameter #2 ($replace) of type array|string is deprecated
#0 [internal function]: CodeIgniter\Debug\Exceptions->errorHandler(8192, 'str_replace(): ...', 'C:\\xampp\\htdocs...', 669)
#1 C:\xampp\htdocs\cafein\system\Validation\Validation.php(669): str_replace('{value}', NULL, 'file is too lar...')
#2 C:\xampp\htdocs\cafein\system\Validation\Validation.php(298): CodeIgniter\Validation\Validation->getErrorMessage('max_size', 'file', 'file', 'file,2048', NULL)
#3 C:\xampp\htdocs\cafein\system\Validation\Validation.php(151): CodeIgniter\Validation\Validation->processRules('file', 'file', NULL, Array, Array)
#4 C:\xampp\htdocs\cafein\app\Controllers\Menu.php(89): CodeIgniter\Validation\Validation->run()
#5 C:\xampp\htdocs\cafein\system\CodeIgniter.php(824): App\Controllers\Menu->upload()
#6 C:\xampp\htdocs\cafein\system\CodeIgniter.php(410): CodeIgniter\CodeIgniter->runController(Object(App\Controllers\Menu))
#7 C:\xampp\htdocs\cafein\system\CodeIgniter.php(318): CodeIgniter\CodeIgniter->handleRequest(NULL, Object(Config\Cache), false)
#8 C:\xampp\htdocs\cafein\index.php(37): CodeIgniter\CodeIgniter->run()
#9 {main}
CRITICAL - 2023-12-23 09:50:43 --> str_replace(): Passing null to parameter #2 ($replace) of type array|string is deprecated
#0 [internal function]: CodeIgniter\Debug\Exceptions->errorHandler(8192, 'str_replace(): ...', 'C:\\xampp\\htdocs...', 669)
#1 C:\xampp\htdocs\cafein\system\Validation\Validation.php(669): str_replace('{value}', NULL, 'file is too lar...')
#2 C:\xampp\htdocs\cafein\system\Validation\Validation.php(298): CodeIgniter\Validation\Validation->getErrorMessage('max_size', 'file', 'file', 'file,2048', NULL)
#3 C:\xampp\htdocs\cafein\system\Validation\Validation.php(151): CodeIgniter\Validation\Validation->processRules('file', 'file', NULL, Array, Array)
#4 C:\xampp\htdocs\cafein\app\Controllers\Menu.php(89): CodeIgniter\Validation\Validation->run()
#5 C:\xampp\htdocs\cafein\system\CodeIgniter.php(824): App\Controllers\Menu->upload()
#6 C:\xampp\htdocs\cafein\system\CodeIgniter.php(410): CodeIgniter\CodeIgniter->runController(Object(App\Controllers\Menu))
#7 C:\xampp\htdocs\cafein\system\CodeIgniter.php(318): CodeIgniter\CodeIgniter->handleRequest(NULL, Object(Config\Cache), false)
#8 C:\xampp\htdocs\cafein\index.php(37): CodeIgniter\CodeIgniter->run()
#9 {main}
CRITICAL - 2023-12-23 09:50:44 --> str_replace(): Passing null to parameter #2 ($replace) of type array|string is deprecated
#0 [internal function]: CodeIgniter\Debug\Exceptions->errorHandler(8192, 'str_replace(): ...', 'C:\\xampp\\htdocs...', 669)
#1 C:\xampp\htdocs\cafein\system\Validation\Validation.php(669): str_replace('{value}', NULL, 'file is too lar...')
#2 C:\xampp\htdocs\cafein\system\Validation\Validation.php(298): CodeIgniter\Validation\Validation->getErrorMessage('max_size', 'file', 'file', 'file,2048', NULL)
#3 C:\xampp\htdocs\cafein\system\Validation\Validation.php(151): CodeIgniter\Validation\Validation->processRules('file', 'file', NULL, Array, Array)
#4 C:\xampp\htdocs\cafein\app\Controllers\Menu.php(89): CodeIgniter\Validation\Validation->run()
#5 C:\xampp\htdocs\cafein\system\CodeIgniter.php(824): App\Controllers\Menu->upload()
#6 C:\xampp\htdocs\cafein\system\CodeIgniter.php(410): CodeIgniter\CodeIgniter->runController(Object(App\Controllers\Menu))
#7 C:\xampp\htdocs\cafein\system\CodeIgniter.php(318): CodeIgniter\CodeIgniter->handleRequest(NULL, Object(Config\Cache), false)
#8 C:\xampp\htdocs\cafein\index.php(37): CodeIgniter\CodeIgniter->run()
#9 {main}
CRITICAL - 2023-12-23 09:52:01 --> str_replace(): Passing null to parameter #2 ($replace) of type array|string is deprecated
#0 [internal function]: CodeIgniter\Debug\Exceptions->errorHandler(8192, 'str_replace(): ...', 'C:\\xampp\\htdocs...', 669)
#1 C:\xampp\htdocs\cafein\system\Validation\Validation.php(669): str_replace('{value}', NULL, 'file is too lar...')
#2 C:\xampp\htdocs\cafein\system\Validation\Validation.php(298): CodeIgniter\Validation\Validation->getErrorMessage('max_size', 'file', 'file', 'file,2048', NULL)
#3 C:\xampp\htdocs\cafein\system\Validation\Validation.php(151): CodeIgniter\Validation\Validation->processRules('file', 'file', NULL, Array, Array)
#4 C:\xampp\htdocs\cafein\app\Controllers\Menu.php(89): CodeIgniter\Validation\Validation->run()
#5 C:\xampp\htdocs\cafein\system\CodeIgniter.php(824): App\Controllers\Menu->upload()
#6 C:\xampp\htdocs\cafein\system\CodeIgniter.php(410): CodeIgniter\CodeIgniter->runController(Object(App\Controllers\Menu))
#7 C:\xampp\htdocs\cafein\system\CodeIgniter.php(318): CodeIgniter\CodeIgniter->handleRequest(NULL, Object(Config\Cache), false)
#8 C:\xampp\htdocs\cafein\index.php(37): CodeIgniter\CodeIgniter->run()
#9 {main}
CRITICAL - 2023-12-23 09:52:02 --> str_replace(): Passing null to parameter #2 ($replace) of type array|string is deprecated
#0 [internal function]: CodeIgniter\Debug\Exceptions->errorHandler(8192, 'str_replace(): ...', 'C:\\xampp\\htdocs...', 669)
#1 C:\xampp\htdocs\cafein\system\Validation\Validation.php(669): str_replace('{value}', NULL, 'file is too lar...')
#2 C:\xampp\htdocs\cafein\system\Validation\Validation.php(298): CodeIgniter\Validation\Validation->getErrorMessage('max_size', 'file', 'file', 'file,2048', NULL)
#3 C:\xampp\htdocs\cafein\system\Validation\Validation.php(151): CodeIgniter\Validation\Validation->processRules('file', 'file', NULL, Array, Array)
#4 C:\xampp\htdocs\cafein\app\Controllers\Menu.php(89): CodeIgniter\Validation\Validation->run()
#5 C:\xampp\htdocs\cafein\system\CodeIgniter.php(824): App\Controllers\Menu->upload()
#6 C:\xampp\htdocs\cafein\system\CodeIgniter.php(410): CodeIgniter\CodeIgniter->runController(Object(App\Controllers\Menu))
#7 C:\xampp\htdocs\cafein\system\CodeIgniter.php(318): CodeIgniter\CodeIgniter->handleRequest(NULL, Object(Config\Cache), false)
#8 C:\xampp\htdocs\cafein\index.php(37): CodeIgniter\CodeIgniter->run()
#9 {main}
CRITICAL - 2023-12-23 09:52:02 --> str_replace(): Passing null to parameter #2 ($replace) of type array|string is deprecated
#0 [internal function]: CodeIgniter\Debug\Exceptions->errorHandler(8192, 'str_replace(): ...', 'C:\\xampp\\htdocs...', 669)
#1 C:\xampp\htdocs\cafein\system\Validation\Validation.php(669): str_replace('{value}', NULL, 'file is too lar...')
#2 C:\xampp\htdocs\cafein\system\Validation\Validation.php(298): CodeIgniter\Validation\Validation->getErrorMessage('max_size', 'file', 'file', 'file,2048', NULL)
#3 C:\xampp\htdocs\cafein\system\Validation\Validation.php(151): CodeIgniter\Validation\Validation->processRules('file', 'file', NULL, Array, Array)
#4 C:\xampp\htdocs\cafein\app\Controllers\Menu.php(89): CodeIgniter\Validation\Validation->run()
#5 C:\xampp\htdocs\cafein\system\CodeIgniter.php(824): App\Controllers\Menu->upload()
#6 C:\xampp\htdocs\cafein\system\CodeIgniter.php(410): CodeIgniter\CodeIgniter->runController(Object(App\Controllers\Menu))
#7 C:\xampp\htdocs\cafein\system\CodeIgniter.php(318): CodeIgniter\CodeIgniter->handleRequest(NULL, Object(Config\Cache), false)
#8 C:\xampp\htdocs\cafein\index.php(37): CodeIgniter\CodeIgniter->run()
#9 {main}
CRITICAL - 2023-12-23 09:52:02 --> str_replace(): Passing null to parameter #2 ($replace) of type array|string is deprecated
#0 [internal function]: CodeIgniter\Debug\Exceptions->errorHandler(8192, 'str_replace(): ...', 'C:\\xampp\\htdocs...', 669)
#1 C:\xampp\htdocs\cafein\system\Validation\Validation.php(669): str_replace('{value}', NULL, 'file is too lar...')
#2 C:\xampp\htdocs\cafein\system\Validation\Validation.php(298): CodeIgniter\Validation\Validation->getErrorMessage('max_size', 'file', 'file', 'file,2048', NULL)
#3 C:\xampp\htdocs\cafein\system\Validation\Validation.php(151): CodeIgniter\Validation\Validation->processRules('file', 'file', NULL, Array, Array)
#4 C:\xampp\htdocs\cafein\app\Controllers\Menu.php(89): CodeIgniter\Validation\Validation->run()
#5 C:\xampp\htdocs\cafein\system\CodeIgniter.php(824): App\Controllers\Menu->upload()
#6 C:\xampp\htdocs\cafein\system\CodeIgniter.php(410): CodeIgniter\CodeIgniter->runController(Object(App\Controllers\Menu))
#7 C:\xampp\htdocs\cafein\system\CodeIgniter.php(318): CodeIgniter\CodeIgniter->handleRequest(NULL, Object(Config\Cache), false)
#8 C:\xampp\htdocs\cafein\index.php(37): CodeIgniter\CodeIgniter->run()
#9 {main}
CRITICAL - 2023-12-23 09:52:02 --> str_replace(): Passing null to parameter #2 ($replace) of type array|string is deprecated
#0 [internal function]: CodeIgniter\Debug\Exceptions->errorHandler(8192, 'str_replace(): ...', 'C:\\xampp\\htdocs...', 669)
#1 C:\xampp\htdocs\cafein\system\Validation\Validation.php(669): str_replace('{value}', NULL, 'file is too lar...')
#2 C:\xampp\htdocs\cafein\system\Validation\Validation.php(298): CodeIgniter\Validation\Validation->getErrorMessage('max_size', 'file', 'file', 'file,2048', NULL)
#3 C:\xampp\htdocs\cafein\system\Validation\Validation.php(151): CodeIgniter\Validation\Validation->processRules('file', 'file', NULL, Array, Array)
#4 C:\xampp\htdocs\cafein\app\Controllers\Menu.php(89): CodeIgniter\Validation\Validation->run()
#5 C:\xampp\htdocs\cafein\system\CodeIgniter.php(824): App\Controllers\Menu->upload()
#6 C:\xampp\htdocs\cafein\system\CodeIgniter.php(410): CodeIgniter\CodeIgniter->runController(Object(App\Controllers\Menu))
#7 C:\xampp\htdocs\cafein\system\CodeIgniter.php(318): CodeIgniter\CodeIgniter->handleRequest(NULL, Object(Config\Cache), false)
#8 C:\xampp\htdocs\cafein\index.php(37): CodeIgniter\CodeIgniter->run()
#9 {main}
