CRITICAL - 2023-11-04 21:57:47 --> Undefined variable $user_id
#0 C:\xampp\htdocs\cafein\app\Views\dashboard.php(377): CodeIgniter\Debug\Exceptions->errorHandler(2, 'Undefined varia...', 'C:\\xampp\\htdocs...', 377)
#1 C:\xampp\htdocs\cafein\system\View\View.php(214): include('C:\\xampp\\htdocs...')
#2 C:\xampp\htdocs\cafein\system\View\View.php(217): CodeIgniter\View\View->CodeIgniter\View\{closure}()
#3 C:\xampp\htdocs\cafein\system\Common.php(1097): CodeIgniter\View\View->render('dashboard', Array, true)
#4 C:\xampp\htdocs\cafein\app\Controllers\Dashboard.php(36): view('dashboard', Array)
#5 C:\xampp\htdocs\cafein\system\CodeIgniter.php(824): App\Controllers\Dashboard->index()
#6 C:\xampp\htdocs\cafein\system\CodeIgniter.php(410): CodeIgniter\CodeIgniter->runController(Object(App\Controllers\Dashboard))
#7 C:\xampp\htdocs\cafein\system\CodeIgniter.php(318): CodeIgniter\CodeIgniter->handleRequest(NULL, Object(Config\Cache), false)
#8 C:\xampp\htdocs\cafein\index.php(37): CodeIgniter\CodeIgniter->run()
#9 {main}
CRITICAL - 2023-11-04 21:57:51 --> Undefined variable $user_id
#0 C:\xampp\htdocs\cafein\app\Views\dashboard.php(377): CodeIgniter\Debug\Exceptions->errorHandler(2, 'Undefined varia...', 'C:\\xampp\\htdocs...', 377)
#1 C:\xampp\htdocs\cafein\system\View\View.php(214): include('C:\\xampp\\htdocs...')
#2 C:\xampp\htdocs\cafein\system\View\View.php(217): CodeIgniter\View\View->CodeIgniter\View\{closure}()
#3 C:\xampp\htdocs\cafein\system\Common.php(1097): CodeIgniter\View\View->render('dashboard', Array, true)
#4 C:\xampp\htdocs\cafein\app\Controllers\Dashboard.php(36): view('dashboard', Array)
#5 C:\xampp\htdocs\cafein\system\CodeIgniter.php(824): App\Controllers\Dashboard->index()
#6 C:\xampp\htdocs\cafein\system\CodeIgniter.php(410): CodeIgniter\CodeIgniter->runController(Object(App\Controllers\Dashboard))
#7 C:\xampp\htdocs\cafein\system\CodeIgniter.php(318): CodeIgniter\CodeIgniter->handleRequest(NULL, Object(Config\Cache), false)
#8 C:\xampp\htdocs\cafein\index.php(37): CodeIgniter\CodeIgniter->run()
#9 {main}
ERROR - 2023-11-04 22:29:45 --> Cannot add or update a child row: a foreign key constraint fails (`cafein`.`antrian`, CONSTRAINT `relasi_users` FOREIGN KEY (`user_id`) REFERENCES `users` (`user_id`) ON DELETE CASCADE ON UPDATE CASCADE)
ERROR - 2023-11-04 22:29:45 --> Cannot add or update a child row: a foreign key constraint fails (`cafein`.`transaksi`, CONSTRAINT `transaksi_ibfk_1` FOREIGN KEY (`idAntrian`) REFERENCES `antrian` (`id`) ON UPDATE CASCADE)
ERROR - 2023-11-04 22:39:15 --> Cannot add or update a child row: a foreign key constraint fails (`cafein`.`antrian`, CONSTRAINT `relasi_users` FOREIGN KEY (`user_id`) REFERENCES `users` (`user_id`) ON DELETE CASCADE ON UPDATE CASCADE)
ERROR - 2023-11-04 22:39:15 --> Cannot add or update a child row: a foreign key constraint fails (`cafein`.`transaksi`, CONSTRAINT `transaksi_ibfk_1` FOREIGN KEY (`idAntrian`) REFERENCES `antrian` (`id`) ON UPDATE CASCADE)
