CRITICAL - 2023-12-05 21:23:46 --> Undefined array key ""
#0 C:\xampp\htdocs\cafein\app\Views\modalKeranjang\index.php(35): CodeIgniter\Debug\Exceptions->errorHandler(2, 'Undefined array...', 'C:\\xampp\\htdocs...', 35)
#1 C:\xampp\htdocs\cafein\app\Views\dashboard.php(615): include('C:\\xampp\\htdocs...')
#2 C:\xampp\htdocs\cafein\system\View\View.php(214): include('C:\\xampp\\htdocs...')
#3 C:\xampp\htdocs\cafein\system\View\View.php(217): CodeIgniter\View\View->CodeIgniter\View\{closure}()
#4 C:\xampp\htdocs\cafein\system\Common.php(1097): CodeIgniter\View\View->render('dashboard', Array, true)
#5 C:\xampp\htdocs\cafein\app\Controllers\Dashboard.php(55): view('dashboard', Array)
#6 C:\xampp\htdocs\cafein\system\CodeIgniter.php(824): App\Controllers\Dashboard->index()
#7 C:\xampp\htdocs\cafein\system\CodeIgniter.php(410): CodeIgniter\CodeIgniter->runController(Object(App\Controllers\Dashboard))
#8 C:\xampp\htdocs\cafein\system\CodeIgniter.php(318): CodeIgniter\CodeIgniter->handleRequest(NULL, Object(Config\Cache), false)
#9 C:\xampp\htdocs\cafein\index.php(37): CodeIgniter\CodeIgniter->run()
#10 {main}
CRITICAL - 2023-12-05 09:05:28 --> Undefined variable $totalTime
#0 C:\xampp\htdocs\cafein\system\Debug\Toolbar\Views\toolbar.tpl.php(40): CodeIgniter\Debug\Exceptions->errorHandler(2, 'Undefined varia...', 'C:\\xampp\\htdocs...', 40)
#1 C:\xampp\htdocs\cafein\system\Debug\Toolbar.php(497): include('C:\\xampp\\htdocs...')
#2 C:\xampp\htdocs\cafein\system\Debug\Toolbar.php(460): CodeIgniter\Debug\Toolbar->format(Array, 'html')
#3 C:\xampp\htdocs\cafein\app\Config\Events.php(48): CodeIgniter\Debug\Toolbar->respond()
#4 C:\xampp\htdocs\cafein\system\Events\Events.php(149): CodeIgniter\Events\Events::Config\{closure}()
#5 C:\xampp\htdocs\cafein\system\CodeIgniter.php(300): CodeIgniter\Events\Events::trigger('pre_system')
#6 C:\xampp\htdocs\cafein\index.php(37): CodeIgniter\CodeIgniter->run()
#7 {main}
CRITICAL - 2023-12-05 22:52:19 --> Undefined variable $antrian
#0 C:\xampp\htdocs\cafein\app\Views\modalKeranjang\index.php(30): CodeIgniter\Debug\Exceptions->errorHandler(2, 'Undefined varia...', 'C:\\xampp\\htdocs...', 30)
#1 C:\xampp\htdocs\cafein\app\Views\about.php(206): include('C:\\xampp\\htdocs...')
#2 C:\xampp\htdocs\cafein\system\View\View.php(214): include('C:\\xampp\\htdocs...')
#3 C:\xampp\htdocs\cafein\system\View\View.php(217): CodeIgniter\View\View->CodeIgniter\View\{closure}()
#4 C:\xampp\htdocs\cafein\system\Common.php(1097): CodeIgniter\View\View->render('about', Array, true)
#5 C:\xampp\htdocs\cafein\app\Controllers\About.php(31): view('about', Array)
#6 C:\xampp\htdocs\cafein\system\CodeIgniter.php(824): App\Controllers\About->index()
#7 C:\xampp\htdocs\cafein\system\CodeIgniter.php(410): CodeIgniter\CodeIgniter->runController(Object(App\Controllers\About))
#8 C:\xampp\htdocs\cafein\system\CodeIgniter.php(318): CodeIgniter\CodeIgniter->handleRequest(NULL, Object(Config\Cache), false)
#9 C:\xampp\htdocs\cafein\index.php(37): CodeIgniter\CodeIgniter->run()
#10 {main}
CRITICAL - 2023-12-05 22:52:49 --> Undefined variable $antrian
#0 C:\xampp\htdocs\cafein\app\Views\modalKeranjang\index.php(30): CodeIgniter\Debug\Exceptions->errorHandler(2, 'Undefined varia...', 'C:\\xampp\\htdocs...', 30)
#1 C:\xampp\htdocs\cafein\app\Views\about.php(206): include('C:\\xampp\\htdocs...')
#2 C:\xampp\htdocs\cafein\system\View\View.php(214): include('C:\\xampp\\htdocs...')
#3 C:\xampp\htdocs\cafein\system\View\View.php(217): CodeIgniter\View\View->CodeIgniter\View\{closure}()
#4 C:\xampp\htdocs\cafein\system\Common.php(1097): CodeIgniter\View\View->render('about', Array, true)
#5 C:\xampp\htdocs\cafein\app\Controllers\About.php(31): view('about', Array)
#6 C:\xampp\htdocs\cafein\system\CodeIgniter.php(824): App\Controllers\About->index()
#7 C:\xampp\htdocs\cafein\system\CodeIgniter.php(410): CodeIgniter\CodeIgniter->runController(Object(App\Controllers\About))
#8 C:\xampp\htdocs\cafein\system\CodeIgniter.php(318): CodeIgniter\CodeIgniter->handleRequest(NULL, Object(Config\Cache), false)
#9 C:\xampp\htdocs\cafein\index.php(37): CodeIgniter\CodeIgniter->run()
#10 {main}
CRITICAL - 2023-12-05 22:52:52 --> Undefined variable $antrian
#0 C:\xampp\htdocs\cafein\app\Views\modalKeranjang\index.php(30): CodeIgniter\Debug\Exceptions->errorHandler(2, 'Undefined varia...', 'C:\\xampp\\htdocs...', 30)
#1 C:\xampp\htdocs\cafein\app\Views\about.php(206): include('C:\\xampp\\htdocs...')
#2 C:\xampp\htdocs\cafein\system\View\View.php(214): include('C:\\xampp\\htdocs...')
#3 C:\xampp\htdocs\cafein\system\View\View.php(217): CodeIgniter\View\View->CodeIgniter\View\{closure}()
#4 C:\xampp\htdocs\cafein\system\Common.php(1097): CodeIgniter\View\View->render('about', Array, true)
#5 C:\xampp\htdocs\cafein\app\Controllers\About.php(31): view('about', Array)
#6 C:\xampp\htdocs\cafein\system\CodeIgniter.php(824): App\Controllers\About->index()
#7 C:\xampp\htdocs\cafein\system\CodeIgniter.php(410): CodeIgniter\CodeIgniter->runController(Object(App\Controllers\About))
#8 C:\xampp\htdocs\cafein\system\CodeIgniter.php(318): CodeIgniter\CodeIgniter->handleRequest(NULL, Object(Config\Cache), false)
#9 C:\xampp\htdocs\cafein\index.php(37): CodeIgniter\CodeIgniter->run()
#10 {main}
CRITICAL - 2023-12-05 22:52:53 --> Undefined variable $antrian
#0 C:\xampp\htdocs\cafein\app\Views\modalKeranjang\index.php(30): CodeIgniter\Debug\Exceptions->errorHandler(2, 'Undefined varia...', 'C:\\xampp\\htdocs...', 30)
#1 C:\xampp\htdocs\cafein\app\Views\about.php(206): include('C:\\xampp\\htdocs...')
#2 C:\xampp\htdocs\cafein\system\View\View.php(214): include('C:\\xampp\\htdocs...')
#3 C:\xampp\htdocs\cafein\system\View\View.php(217): CodeIgniter\View\View->CodeIgniter\View\{closure}()
#4 C:\xampp\htdocs\cafein\system\Common.php(1097): CodeIgniter\View\View->render('about', Array, true)
#5 C:\xampp\htdocs\cafein\app\Controllers\About.php(31): view('about', Array)
#6 C:\xampp\htdocs\cafein\system\CodeIgniter.php(824): App\Controllers\About->index()
#7 C:\xampp\htdocs\cafein\system\CodeIgniter.php(410): CodeIgniter\CodeIgniter->runController(Object(App\Controllers\About))
#8 C:\xampp\htdocs\cafein\system\CodeIgniter.php(318): CodeIgniter\CodeIgniter->handleRequest(NULL, Object(Config\Cache), false)
#9 C:\xampp\htdocs\cafein\index.php(37): CodeIgniter\CodeIgniter->run()
#10 {main}
CRITICAL - 2023-12-05 22:52:53 --> Undefined variable $antrian
#0 C:\xampp\htdocs\cafein\app\Views\modalKeranjang\index.php(30): CodeIgniter\Debug\Exceptions->errorHandler(2, 'Undefined varia...', 'C:\\xampp\\htdocs...', 30)
#1 C:\xampp\htdocs\cafein\app\Views\about.php(206): include('C:\\xampp\\htdocs...')
#2 C:\xampp\htdocs\cafein\system\View\View.php(214): include('C:\\xampp\\htdocs...')
#3 C:\xampp\htdocs\cafein\system\View\View.php(217): CodeIgniter\View\View->CodeIgniter\View\{closure}()
#4 C:\xampp\htdocs\cafein\system\Common.php(1097): CodeIgniter\View\View->render('about', Array, true)
#5 C:\xampp\htdocs\cafein\app\Controllers\About.php(31): view('about', Array)
#6 C:\xampp\htdocs\cafein\system\CodeIgniter.php(824): App\Controllers\About->index()
#7 C:\xampp\htdocs\cafein\system\CodeIgniter.php(410): CodeIgniter\CodeIgniter->runController(Object(App\Controllers\About))
#8 C:\xampp\htdocs\cafein\system\CodeIgniter.php(318): CodeIgniter\CodeIgniter->handleRequest(NULL, Object(Config\Cache), false)
#9 C:\xampp\htdocs\cafein\index.php(37): CodeIgniter\CodeIgniter->run()
#10 {main}
CRITICAL - 2023-12-05 22:52:53 --> Undefined variable $antrian
#0 C:\xampp\htdocs\cafein\app\Views\modalKeranjang\index.php(30): CodeIgniter\Debug\Exceptions->errorHandler(2, 'Undefined varia...', 'C:\\xampp\\htdocs...', 30)
#1 C:\xampp\htdocs\cafein\app\Views\about.php(206): include('C:\\xampp\\htdocs...')
#2 C:\xampp\htdocs\cafein\system\View\View.php(214): include('C:\\xampp\\htdocs...')
#3 C:\xampp\htdocs\cafein\system\View\View.php(217): CodeIgniter\View\View->CodeIgniter\View\{closure}()
#4 C:\xampp\htdocs\cafein\system\Common.php(1097): CodeIgniter\View\View->render('about', Array, true)
#5 C:\xampp\htdocs\cafein\app\Controllers\About.php(31): view('about', Array)
#6 C:\xampp\htdocs\cafein\system\CodeIgniter.php(824): App\Controllers\About->index()
#7 C:\xampp\htdocs\cafein\system\CodeIgniter.php(410): CodeIgniter\CodeIgniter->runController(Object(App\Controllers\About))
#8 C:\xampp\htdocs\cafein\system\CodeIgniter.php(318): CodeIgniter\CodeIgniter->handleRequest(NULL, Object(Config\Cache), false)
#9 C:\xampp\htdocs\cafein\index.php(37): CodeIgniter\CodeIgniter->run()
#10 {main}
CRITICAL - 2023-12-05 22:52:53 --> Undefined variable $antrian
#0 C:\xampp\htdocs\cafein\app\Views\modalKeranjang\index.php(30): CodeIgniter\Debug\Exceptions->errorHandler(2, 'Undefined varia...', 'C:\\xampp\\htdocs...', 30)
#1 C:\xampp\htdocs\cafein\app\Views\about.php(206): include('C:\\xampp\\htdocs...')
#2 C:\xampp\htdocs\cafein\system\View\View.php(214): include('C:\\xampp\\htdocs...')
#3 C:\xampp\htdocs\cafein\system\View\View.php(217): CodeIgniter\View\View->CodeIgniter\View\{closure}()
#4 C:\xampp\htdocs\cafein\system\Common.php(1097): CodeIgniter\View\View->render('about', Array, true)
#5 C:\xampp\htdocs\cafein\app\Controllers\About.php(31): view('about', Array)
#6 C:\xampp\htdocs\cafein\system\CodeIgniter.php(824): App\Controllers\About->index()
#7 C:\xampp\htdocs\cafein\system\CodeIgniter.php(410): CodeIgniter\CodeIgniter->runController(Object(App\Controllers\About))
#8 C:\xampp\htdocs\cafein\system\CodeIgniter.php(318): CodeIgniter\CodeIgniter->handleRequest(NULL, Object(Config\Cache), false)
#9 C:\xampp\htdocs\cafein\index.php(37): CodeIgniter\CodeIgniter->run()
#10 {main}
CRITICAL - 2023-12-05 22:52:53 --> Undefined variable $antrian
#0 C:\xampp\htdocs\cafein\app\Views\modalKeranjang\index.php(30): CodeIgniter\Debug\Exceptions->errorHandler(2, 'Undefined varia...', 'C:\\xampp\\htdocs...', 30)
#1 C:\xampp\htdocs\cafein\app\Views\about.php(206): include('C:\\xampp\\htdocs...')
#2 C:\xampp\htdocs\cafein\system\View\View.php(214): include('C:\\xampp\\htdocs...')
#3 C:\xampp\htdocs\cafein\system\View\View.php(217): CodeIgniter\View\View->CodeIgniter\View\{closure}()
#4 C:\xampp\htdocs\cafein\system\Common.php(1097): CodeIgniter\View\View->render('about', Array, true)
#5 C:\xampp\htdocs\cafein\app\Controllers\About.php(31): view('about', Array)
#6 C:\xampp\htdocs\cafein\system\CodeIgniter.php(824): App\Controllers\About->index()
#7 C:\xampp\htdocs\cafein\system\CodeIgniter.php(410): CodeIgniter\CodeIgniter->runController(Object(App\Controllers\About))
#8 C:\xampp\htdocs\cafein\system\CodeIgniter.php(318): CodeIgniter\CodeIgniter->handleRequest(NULL, Object(Config\Cache), false)
#9 C:\xampp\htdocs\cafein\index.php(37): CodeIgniter\CodeIgniter->run()
#10 {main}
CRITICAL - 2023-12-05 22:52:54 --> Undefined variable $antrian
#0 C:\xampp\htdocs\cafein\app\Views\modalKeranjang\index.php(30): CodeIgniter\Debug\Exceptions->errorHandler(2, 'Undefined varia...', 'C:\\xampp\\htdocs...', 30)
#1 C:\xampp\htdocs\cafein\app\Views\about.php(206): include('C:\\xampp\\htdocs...')
#2 C:\xampp\htdocs\cafein\system\View\View.php(214): include('C:\\xampp\\htdocs...')
#3 C:\xampp\htdocs\cafein\system\View\View.php(217): CodeIgniter\View\View->CodeIgniter\View\{closure}()
#4 C:\xampp\htdocs\cafein\system\Common.php(1097): CodeIgniter\View\View->render('about', Array, true)
#5 C:\xampp\htdocs\cafein\app\Controllers\About.php(31): view('about', Array)
#6 C:\xampp\htdocs\cafein\system\CodeIgniter.php(824): App\Controllers\About->index()
#7 C:\xampp\htdocs\cafein\system\CodeIgniter.php(410): CodeIgniter\CodeIgniter->runController(Object(App\Controllers\About))
#8 C:\xampp\htdocs\cafein\system\CodeIgniter.php(318): CodeIgniter\CodeIgniter->handleRequest(NULL, Object(Config\Cache), false)
#9 C:\xampp\htdocs\cafein\index.php(37): CodeIgniter\CodeIgniter->run()
#10 {main}
CRITICAL - 2023-12-05 22:52:54 --> Undefined variable $antrian
#0 C:\xampp\htdocs\cafein\app\Views\modalKeranjang\index.php(30): CodeIgniter\Debug\Exceptions->errorHandler(2, 'Undefined varia...', 'C:\\xampp\\htdocs...', 30)
#1 C:\xampp\htdocs\cafein\app\Views\about.php(206): include('C:\\xampp\\htdocs...')
#2 C:\xampp\htdocs\cafein\system\View\View.php(214): include('C:\\xampp\\htdocs...')
#3 C:\xampp\htdocs\cafein\system\View\View.php(217): CodeIgniter\View\View->CodeIgniter\View\{closure}()
#4 C:\xampp\htdocs\cafein\system\Common.php(1097): CodeIgniter\View\View->render('about', Array, true)
#5 C:\xampp\htdocs\cafein\app\Controllers\About.php(31): view('about', Array)
#6 C:\xampp\htdocs\cafein\system\CodeIgniter.php(824): App\Controllers\About->index()
#7 C:\xampp\htdocs\cafein\system\CodeIgniter.php(410): CodeIgniter\CodeIgniter->runController(Object(App\Controllers\About))
#8 C:\xampp\htdocs\cafein\system\CodeIgniter.php(318): CodeIgniter\CodeIgniter->handleRequest(NULL, Object(Config\Cache), false)
#9 C:\xampp\htdocs\cafein\index.php(37): CodeIgniter\CodeIgniter->run()
#10 {main}
CRITICAL - 2023-12-05 22:53:05 --> Undefined variable $antrian
#0 C:\xampp\htdocs\cafein\app\Views\modalKeranjang\index.php(30): CodeIgniter\Debug\Exceptions->errorHandler(2, 'Undefined varia...', 'C:\\xampp\\htdocs...', 30)
#1 C:\xampp\htdocs\cafein\app\Views\about.php(206): include('C:\\xampp\\htdocs...')
#2 C:\xampp\htdocs\cafein\system\View\View.php(214): include('C:\\xampp\\htdocs...')
#3 C:\xampp\htdocs\cafein\system\View\View.php(217): CodeIgniter\View\View->CodeIgniter\View\{closure}()
#4 C:\xampp\htdocs\cafein\system\Common.php(1097): CodeIgniter\View\View->render('about', Array, true)
#5 C:\xampp\htdocs\cafein\app\Controllers\About.php(31): view('about', Array)
#6 C:\xampp\htdocs\cafein\system\CodeIgniter.php(824): App\Controllers\About->index()
#7 C:\xampp\htdocs\cafein\system\CodeIgniter.php(410): CodeIgniter\CodeIgniter->runController(Object(App\Controllers\About))
#8 C:\xampp\htdocs\cafein\system\CodeIgniter.php(318): CodeIgniter\CodeIgniter->handleRequest(NULL, Object(Config\Cache), false)
#9 C:\xampp\htdocs\cafein\index.php(37): CodeIgniter\CodeIgniter->run()
#10 {main}
CRITICAL - 2023-12-05 22:53:06 --> Undefined variable $antrian
#0 C:\xampp\htdocs\cafein\app\Views\modalKeranjang\index.php(30): CodeIgniter\Debug\Exceptions->errorHandler(2, 'Undefined varia...', 'C:\\xampp\\htdocs...', 30)
#1 C:\xampp\htdocs\cafein\app\Views\about.php(206): include('C:\\xampp\\htdocs...')
#2 C:\xampp\htdocs\cafein\system\View\View.php(214): include('C:\\xampp\\htdocs...')
#3 C:\xampp\htdocs\cafein\system\View\View.php(217): CodeIgniter\View\View->CodeIgniter\View\{closure}()
#4 C:\xampp\htdocs\cafein\system\Common.php(1097): CodeIgniter\View\View->render('about', Array, true)
#5 C:\xampp\htdocs\cafein\app\Controllers\About.php(31): view('about', Array)
#6 C:\xampp\htdocs\cafein\system\CodeIgniter.php(824): App\Controllers\About->index()
#7 C:\xampp\htdocs\cafein\system\CodeIgniter.php(410): CodeIgniter\CodeIgniter->runController(Object(App\Controllers\About))
#8 C:\xampp\htdocs\cafein\system\CodeIgniter.php(318): CodeIgniter\CodeIgniter->handleRequest(NULL, Object(Config\Cache), false)
#9 C:\xampp\htdocs\cafein\index.php(37): CodeIgniter\CodeIgniter->run()
#10 {main}
CRITICAL - 2023-12-05 22:53:06 --> Undefined variable $antrian
#0 C:\xampp\htdocs\cafein\app\Views\modalKeranjang\index.php(30): CodeIgniter\Debug\Exceptions->errorHandler(2, 'Undefined varia...', 'C:\\xampp\\htdocs...', 30)
#1 C:\xampp\htdocs\cafein\app\Views\about.php(206): include('C:\\xampp\\htdocs...')
#2 C:\xampp\htdocs\cafein\system\View\View.php(214): include('C:\\xampp\\htdocs...')
#3 C:\xampp\htdocs\cafein\system\View\View.php(217): CodeIgniter\View\View->CodeIgniter\View\{closure}()
#4 C:\xampp\htdocs\cafein\system\Common.php(1097): CodeIgniter\View\View->render('about', Array, true)
#5 C:\xampp\htdocs\cafein\app\Controllers\About.php(31): view('about', Array)
#6 C:\xampp\htdocs\cafein\system\CodeIgniter.php(824): App\Controllers\About->index()
#7 C:\xampp\htdocs\cafein\system\CodeIgniter.php(410): CodeIgniter\CodeIgniter->runController(Object(App\Controllers\About))
#8 C:\xampp\htdocs\cafein\system\CodeIgniter.php(318): CodeIgniter\CodeIgniter->handleRequest(NULL, Object(Config\Cache), false)
#9 C:\xampp\htdocs\cafein\index.php(37): CodeIgniter\CodeIgniter->run()
#10 {main}
CRITICAL - 2023-12-05 22:53:06 --> Undefined variable $antrian
#0 C:\xampp\htdocs\cafein\app\Views\modalKeranjang\index.php(30): CodeIgniter\Debug\Exceptions->errorHandler(2, 'Undefined varia...', 'C:\\xampp\\htdocs...', 30)
#1 C:\xampp\htdocs\cafein\app\Views\about.php(206): include('C:\\xampp\\htdocs...')
#2 C:\xampp\htdocs\cafein\system\View\View.php(214): include('C:\\xampp\\htdocs...')
#3 C:\xampp\htdocs\cafein\system\View\View.php(217): CodeIgniter\View\View->CodeIgniter\View\{closure}()
#4 C:\xampp\htdocs\cafein\system\Common.php(1097): CodeIgniter\View\View->render('about', Array, true)
#5 C:\xampp\htdocs\cafein\app\Controllers\About.php(31): view('about', Array)
#6 C:\xampp\htdocs\cafein\system\CodeIgniter.php(824): App\Controllers\About->index()
#7 C:\xampp\htdocs\cafein\system\CodeIgniter.php(410): CodeIgniter\CodeIgniter->runController(Object(App\Controllers\About))
#8 C:\xampp\htdocs\cafein\system\CodeIgniter.php(318): CodeIgniter\CodeIgniter->handleRequest(NULL, Object(Config\Cache), false)
#9 C:\xampp\htdocs\cafein\index.php(37): CodeIgniter\CodeIgniter->run()
#10 {main}
CRITICAL - 2023-12-05 22:53:11 --> Undefined variable $antrian
#0 C:\xampp\htdocs\cafein\app\Views\modalKeranjang\index.php(30): CodeIgniter\Debug\Exceptions->errorHandler(2, 'Undefined varia...', 'C:\\xampp\\htdocs...', 30)
#1 C:\xampp\htdocs\cafein\app\Views\about.php(206): include('C:\\xampp\\htdocs...')
#2 C:\xampp\htdocs\cafein\system\View\View.php(214): include('C:\\xampp\\htdocs...')
#3 C:\xampp\htdocs\cafein\system\View\View.php(217): CodeIgniter\View\View->CodeIgniter\View\{closure}()
#4 C:\xampp\htdocs\cafein\system\Common.php(1097): CodeIgniter\View\View->render('about', Array, true)
#5 C:\xampp\htdocs\cafein\app\Controllers\About.php(31): view('about', Array)
#6 C:\xampp\htdocs\cafein\system\CodeIgniter.php(824): App\Controllers\About->index()
#7 C:\xampp\htdocs\cafein\system\CodeIgniter.php(410): CodeIgniter\CodeIgniter->runController(Object(App\Controllers\About))
#8 C:\xampp\htdocs\cafein\system\CodeIgniter.php(318): CodeIgniter\CodeIgniter->handleRequest(NULL, Object(Config\Cache), false)
#9 C:\xampp\htdocs\cafein\index.php(37): CodeIgniter\CodeIgniter->run()
#10 {main}
CRITICAL - 2023-12-05 22:53:12 --> Undefined variable $antrian
#0 C:\xampp\htdocs\cafein\app\Views\modalKeranjang\index.php(30): CodeIgniter\Debug\Exceptions->errorHandler(2, 'Undefined varia...', 'C:\\xampp\\htdocs...', 30)
#1 C:\xampp\htdocs\cafein\app\Views\about.php(206): include('C:\\xampp\\htdocs...')
#2 C:\xampp\htdocs\cafein\system\View\View.php(214): include('C:\\xampp\\htdocs...')
#3 C:\xampp\htdocs\cafein\system\View\View.php(217): CodeIgniter\View\View->CodeIgniter\View\{closure}()
#4 C:\xampp\htdocs\cafein\system\Common.php(1097): CodeIgniter\View\View->render('about', Array, true)
#5 C:\xampp\htdocs\cafein\app\Controllers\About.php(31): view('about', Array)
#6 C:\xampp\htdocs\cafein\system\CodeIgniter.php(824): App\Controllers\About->index()
#7 C:\xampp\htdocs\cafein\system\CodeIgniter.php(410): CodeIgniter\CodeIgniter->runController(Object(App\Controllers\About))
#8 C:\xampp\htdocs\cafein\system\CodeIgniter.php(318): CodeIgniter\CodeIgniter->handleRequest(NULL, Object(Config\Cache), false)
#9 C:\xampp\htdocs\cafein\index.php(37): CodeIgniter\CodeIgniter->run()
#10 {main}
CRITICAL - 2023-12-05 22:54:42 --> Undefined variable $antrian
#0 C:\xampp\htdocs\cafein\app\Views\modalKeranjang\index.php(30): CodeIgniter\Debug\Exceptions->errorHandler(2, 'Undefined varia...', 'C:\\xampp\\htdocs...', 30)
#1 C:\xampp\htdocs\cafein\app\Views\location.php(121): include('C:\\xampp\\htdocs...')
#2 C:\xampp\htdocs\cafein\system\View\View.php(214): include('C:\\xampp\\htdocs...')
#3 C:\xampp\htdocs\cafein\system\View\View.php(217): CodeIgniter\View\View->CodeIgniter\View\{closure}()
#4 C:\xampp\htdocs\cafein\system\Common.php(1097): CodeIgniter\View\View->render('location', Array, true)
#5 C:\xampp\htdocs\cafein\app\Controllers\Location.php(28): view('location', Array)
#6 C:\xampp\htdocs\cafein\system\CodeIgniter.php(824): App\Controllers\Location->index()
#7 C:\xampp\htdocs\cafein\system\CodeIgniter.php(410): CodeIgniter\CodeIgniter->runController(Object(App\Controllers\Location))
#8 C:\xampp\htdocs\cafein\system\CodeIgniter.php(318): CodeIgniter\CodeIgniter->handleRequest(NULL, Object(Config\Cache), false)
#9 C:\xampp\htdocs\cafein\index.php(37): CodeIgniter\CodeIgniter->run()
#10 {main}
