CRITICAL - 2023-10-30 07:24:42 --> Maximum execution time of 30 seconds exceeded
#0 [internal function]: CodeIgniter\Debug\Exceptions->shutdownHandler()
#1 {main}
CRITICAL - 2023-10-30 07:24:50 --> Maximum execution time of 30 seconds exceeded
#0 [internal function]: CodeIgniter\Debug\Exceptions->shutdownHandler()
#1 {main}
CRITICAL - 2023-10-30 07:30:20 --> Call to undefined function set_value()
#0 C:\xampp\htdocs\cafein\system\View\View.php(214): include()
#1 C:\xampp\htdocs\cafein\system\View\View.php(217): CodeIgniter\View\View->CodeIgniter\View\{closure}()
#2 C:\xampp\htdocs\cafein\system\Common.php(1097): CodeIgniter\View\View->render('dashboard', Array, true)
#3 C:\xampp\htdocs\cafein\app\Controllers\Dashboard.php(33): view('dashboard', Array)
#4 C:\xampp\htdocs\cafein\system\CodeIgniter.php(824): App\Controllers\Dashboard->index()
#5 C:\xampp\htdocs\cafein\system\CodeIgniter.php(410): CodeIgniter\CodeIgniter->runController(Object(App\Controllers\Dashboard))
#6 C:\xampp\htdocs\cafein\system\CodeIgniter.php(318): CodeIgniter\CodeIgniter->handleRequest(NULL, Object(Config\Cache), false)
#7 C:\xampp\htdocs\cafein\public\index.php(37): CodeIgniter\CodeIgniter->run()
#8 {main}
CRITICAL - 2023-10-30 07:30:23 --> Call to undefined function set_value()
#0 C:\xampp\htdocs\cafein\system\View\View.php(214): include()
#1 C:\xampp\htdocs\cafein\system\View\View.php(217): CodeIgniter\View\View->CodeIgniter\View\{closure}()
#2 C:\xampp\htdocs\cafein\system\Common.php(1097): CodeIgniter\View\View->render('dashboard', Array, true)
#3 C:\xampp\htdocs\cafein\app\Controllers\Dashboard.php(33): view('dashboard', Array)
#4 C:\xampp\htdocs\cafein\system\CodeIgniter.php(824): App\Controllers\Dashboard->index()
#5 C:\xampp\htdocs\cafein\system\CodeIgniter.php(410): CodeIgniter\CodeIgniter->runController(Object(App\Controllers\Dashboard))
#6 C:\xampp\htdocs\cafein\system\CodeIgniter.php(318): CodeIgniter\CodeIgniter->handleRequest(NULL, Object(Config\Cache), false)
#7 C:\xampp\htdocs\cafein\public\index.php(37): CodeIgniter\CodeIgniter->run()
#8 {main}
CRITICAL - 2023-10-30 07:30:37 --> Call to undefined function set_value()
#0 C:\xampp\htdocs\cafein\system\View\View.php(214): include()
#1 C:\xampp\htdocs\cafein\system\View\View.php(217): CodeIgniter\View\View->CodeIgniter\View\{closure}()
#2 C:\xampp\htdocs\cafein\system\Common.php(1097): CodeIgniter\View\View->render('dashboard', Array, true)
#3 C:\xampp\htdocs\cafein\app\Controllers\Dashboard.php(33): view('dashboard', Array)
#4 C:\xampp\htdocs\cafein\system\CodeIgniter.php(824): App\Controllers\Dashboard->index()
#5 C:\xampp\htdocs\cafein\system\CodeIgniter.php(410): CodeIgniter\CodeIgniter->runController(Object(App\Controllers\Dashboard))
#6 C:\xampp\htdocs\cafein\system\CodeIgniter.php(318): CodeIgniter\CodeIgniter->handleRequest(NULL, Object(Config\Cache), false)
#7 C:\xampp\htdocs\cafein\public\index.php(37): CodeIgniter\CodeIgniter->run()
#8 {main}
CRITICAL - 2023-10-30 07:30:47 --> Call to undefined function set_value()
#0 C:\xampp\htdocs\cafein\system\View\View.php(214): include()
#1 C:\xampp\htdocs\cafein\system\View\View.php(217): CodeIgniter\View\View->CodeIgniter\View\{closure}()
#2 C:\xampp\htdocs\cafein\system\Common.php(1097): CodeIgniter\View\View->render('dashboard', Array, true)
#3 C:\xampp\htdocs\cafein\app\Controllers\Dashboard.php(33): view('dashboard', Array)
#4 C:\xampp\htdocs\cafein\system\CodeIgniter.php(824): App\Controllers\Dashboard->index()
#5 C:\xampp\htdocs\cafein\system\CodeIgniter.php(410): CodeIgniter\CodeIgniter->runController(Object(App\Controllers\Dashboard))
#6 C:\xampp\htdocs\cafein\system\CodeIgniter.php(318): CodeIgniter\CodeIgniter->handleRequest(NULL, Object(Config\Cache), false)
#7 C:\xampp\htdocs\cafein\public\index.php(37): CodeIgniter\CodeIgniter->run()
#8 {main}
CRITICAL - 2023-10-30 07:31:46 --> Call to undefined function set_value()
#0 C:\xampp\htdocs\cafein\system\View\View.php(214): include()
#1 C:\xampp\htdocs\cafein\system\View\View.php(217): CodeIgniter\View\View->CodeIgniter\View\{closure}()
#2 C:\xampp\htdocs\cafein\system\Common.php(1097): CodeIgniter\View\View->render('dashboard', Array, true)
#3 C:\xampp\htdocs\cafein\app\Controllers\Dashboard.php(33): view('dashboard', Array)
#4 C:\xampp\htdocs\cafein\system\CodeIgniter.php(824): App\Controllers\Dashboard->index()
#5 C:\xampp\htdocs\cafein\system\CodeIgniter.php(410): CodeIgniter\CodeIgniter->runController(Object(App\Controllers\Dashboard))
#6 C:\xampp\htdocs\cafein\system\CodeIgniter.php(318): CodeIgniter\CodeIgniter->handleRequest(NULL, Object(Config\Cache), false)
#7 C:\xampp\htdocs\cafein\public\index.php(37): CodeIgniter\CodeIgniter->run()
#8 {main}
CRITICAL - 2023-10-30 07:36:23 --> Call to undefined function set_value()
#0 C:\xampp\htdocs\cafein\system\View\View.php(214): include()
#1 C:\xampp\htdocs\cafein\system\View\View.php(217): CodeIgniter\View\View->CodeIgniter\View\{closure}()
#2 C:\xampp\htdocs\cafein\system\Common.php(1097): CodeIgniter\View\View->render('dashboard', Array, true)
#3 C:\xampp\htdocs\cafein\app\Controllers\Dashboard.php(33): view('dashboard', Array)
#4 C:\xampp\htdocs\cafein\system\CodeIgniter.php(824): App\Controllers\Dashboard->index()
#5 C:\xampp\htdocs\cafein\system\CodeIgniter.php(410): CodeIgniter\CodeIgniter->runController(Object(App\Controllers\Dashboard))
#6 C:\xampp\htdocs\cafein\system\CodeIgniter.php(318): CodeIgniter\CodeIgniter->handleRequest(NULL, Object(Config\Cache), false)
#7 C:\xampp\htdocs\cafein\public\index.php(37): CodeIgniter\CodeIgniter->run()
#8 {main}
ERROR - 2023-10-30 20:18:20 --> Error connecting to the database: No connection could be made because the target machine actively refused it
CRITICAL - 2023-10-30 20:18:20 --> Unable to connect to the database.
Main connection [MySQLi]: No connection could be made because the target machine actively refused it
#0 C:\xampp\htdocs\cafein\system\Database\BaseConnection.php(577): CodeIgniter\Database\BaseConnection->initialize()
#1 C:\xampp\htdocs\cafein\system\Database\BaseBuilder.php(1443): CodeIgniter\Database\BaseConnection->query('SELECT *\nFROM `...', Array, false)
#2 C:\xampp\htdocs\cafein\system\Model.php(183): CodeIgniter\Database\BaseBuilder->get()
#3 C:\xampp\htdocs\cafein\system\BaseModel.php(584): CodeIgniter\Model->doFindAll(0, 0)
#4 C:\xampp\htdocs\cafein\app\Controllers\Dashboard.php(24): CodeIgniter\BaseModel->findAll()
#5 C:\xampp\htdocs\cafein\system\CodeIgniter.php(824): App\Controllers\Dashboard->index()
#6 C:\xampp\htdocs\cafein\system\CodeIgniter.php(410): CodeIgniter\CodeIgniter->runController(Object(App\Controllers\Dashboard))
#7 C:\xampp\htdocs\cafein\system\CodeIgniter.php(318): CodeIgniter\CodeIgniter->handleRequest(NULL, Object(Config\Cache), false)
#8 C:\xampp\htdocs\cafein\public\index.php(37): CodeIgniter\CodeIgniter->run()
#9 {main}
