CRITICAL - 2023-11-22 09:56:32 --> syntax error, unexpected token "class", expecting "{"
#0 C:\xampp\htdocs\cafein\system\Router\Router.php(176): CodeIgniter\Router\Router->autoRoute('Dashboard/dataO...')
#1 C:\xampp\htdocs\cafein\system\CodeIgniter.php(718): CodeIgniter\Router\Router->handle('Dashboard/dataO...')
#2 C:\xampp\htdocs\cafein\system\CodeIgniter.php(359): CodeIgniter\CodeIgniter->tryToRouteIt(Object(CodeIgniter\Router\RouteCollection))
#3 C:\xampp\htdocs\cafein\system\CodeIgniter.php(318): CodeIgniter\CodeIgniter->handleRequest(NULL, Object(Config\Cache), false)
#4 C:\xampp\htdocs\cafein\index.php(37): CodeIgniter\CodeIgniter->run()
#5 {main}
CRITICAL - 2023-11-22 09:56:32 --> syntax error, unexpected token "class", expecting "{"
#0 C:\xampp\htdocs\cafein\system\Router\Router.php(176): CodeIgniter\Router\Router->autoRoute('Dashboard/dataO...')
#1 C:\xampp\htdocs\cafein\system\CodeIgniter.php(718): CodeIgniter\Router\Router->handle('Dashboard/dataO...')
#2 C:\xampp\htdocs\cafein\system\CodeIgniter.php(359): CodeIgniter\CodeIgniter->tryToRouteIt(Object(CodeIgniter\Router\RouteCollection))
#3 C:\xampp\htdocs\cafein\system\CodeIgniter.php(318): CodeIgniter\CodeIgniter->handleRequest(NULL, Object(Config\Cache), false)
#4 C:\xampp\htdocs\cafein\index.php(37): CodeIgniter\CodeIgniter->run()
#5 {main}
CRITICAL - 2023-11-22 09:56:32 --> syntax error, unexpected token "class", expecting "{"
#0 C:\xampp\htdocs\cafein\system\Router\Router.php(176): CodeIgniter\Router\Router->autoRoute('Dashboard/dataO...')
#1 C:\xampp\htdocs\cafein\system\CodeIgniter.php(718): CodeIgniter\Router\Router->handle('Dashboard/dataO...')
#2 C:\xampp\htdocs\cafein\system\CodeIgniter.php(359): CodeIgniter\CodeIgniter->tryToRouteIt(Object(CodeIgniter\Router\RouteCollection))
#3 C:\xampp\htdocs\cafein\system\CodeIgniter.php(318): CodeIgniter\CodeIgniter->handleRequest(NULL, Object(Config\Cache), false)
#4 C:\xampp\htdocs\cafein\index.php(37): CodeIgniter\CodeIgniter->run()
#5 {main}
CRITICAL - 2023-11-22 09:56:33 --> syntax error, unexpected token "class", expecting "{"
#0 C:\xampp\htdocs\cafein\system\Router\Router.php(176): CodeIgniter\Router\Router->autoRoute('Dashboard/dataO...')
#1 C:\xampp\htdocs\cafein\system\CodeIgniter.php(718): CodeIgniter\Router\Router->handle('Dashboard/dataO...')
#2 C:\xampp\htdocs\cafein\system\CodeIgniter.php(359): CodeIgniter\CodeIgniter->tryToRouteIt(Object(CodeIgniter\Router\RouteCollection))
#3 C:\xampp\htdocs\cafein\system\CodeIgniter.php(318): CodeIgniter\CodeIgniter->handleRequest(NULL, Object(Config\Cache), false)
#4 C:\xampp\htdocs\cafein\index.php(37): CodeIgniter\CodeIgniter->run()
#5 {main}
CRITICAL - 2023-11-22 09:56:33 --> syntax error, unexpected token "class", expecting "{"
#0 C:\xampp\htdocs\cafein\system\Router\Router.php(176): CodeIgniter\Router\Router->autoRoute('Dashboard/dataO...')
#1 C:\xampp\htdocs\cafein\system\CodeIgniter.php(718): CodeIgniter\Router\Router->handle('Dashboard/dataO...')
#2 C:\xampp\htdocs\cafein\system\CodeIgniter.php(359): CodeIgniter\CodeIgniter->tryToRouteIt(Object(CodeIgniter\Router\RouteCollection))
#3 C:\xampp\htdocs\cafein\system\CodeIgniter.php(318): CodeIgniter\CodeIgniter->handleRequest(NULL, Object(Config\Cache), false)
#4 C:\xampp\htdocs\cafein\index.php(37): CodeIgniter\CodeIgniter->run()
#5 {main}
CRITICAL - 2023-11-22 09:56:33 --> syntax error, unexpected token "class", expecting "{"
#0 C:\xampp\htdocs\cafein\system\Router\Router.php(176): CodeIgniter\Router\Router->autoRoute('Dashboard/dataO...')
#1 C:\xampp\htdocs\cafein\system\CodeIgniter.php(718): CodeIgniter\Router\Router->handle('Dashboard/dataO...')
#2 C:\xampp\htdocs\cafein\system\CodeIgniter.php(359): CodeIgniter\CodeIgniter->tryToRouteIt(Object(CodeIgniter\Router\RouteCollection))
#3 C:\xampp\htdocs\cafein\system\CodeIgniter.php(318): CodeIgniter\CodeIgniter->handleRequest(NULL, Object(Config\Cache), false)
#4 C:\xampp\htdocs\cafein\index.php(37): CodeIgniter\CodeIgniter->run()
#5 {main}
CRITICAL - 2023-11-22 09:56:33 --> syntax error, unexpected token "class", expecting "{"
#0 C:\xampp\htdocs\cafein\system\Router\Router.php(176): CodeIgniter\Router\Router->autoRoute('Dashboard/dataO...')
#1 C:\xampp\htdocs\cafein\system\CodeIgniter.php(718): CodeIgniter\Router\Router->handle('Dashboard/dataO...')
#2 C:\xampp\htdocs\cafein\system\CodeIgniter.php(359): CodeIgniter\CodeIgniter->tryToRouteIt(Object(CodeIgniter\Router\RouteCollection))
#3 C:\xampp\htdocs\cafein\system\CodeIgniter.php(318): CodeIgniter\CodeIgniter->handleRequest(NULL, Object(Config\Cache), false)
#4 C:\xampp\htdocs\cafein\index.php(37): CodeIgniter\CodeIgniter->run()
#5 {main}
CRITICAL - 2023-11-22 09:56:34 --> syntax error, unexpected token "class", expecting "{"
#0 C:\xampp\htdocs\cafein\system\Router\Router.php(176): CodeIgniter\Router\Router->autoRoute('Dashboard/dataO...')
#1 C:\xampp\htdocs\cafein\system\CodeIgniter.php(718): CodeIgniter\Router\Router->handle('Dashboard/dataO...')
#2 C:\xampp\htdocs\cafein\system\CodeIgniter.php(359): CodeIgniter\CodeIgniter->tryToRouteIt(Object(CodeIgniter\Router\RouteCollection))
#3 C:\xampp\htdocs\cafein\system\CodeIgniter.php(318): CodeIgniter\CodeIgniter->handleRequest(NULL, Object(Config\Cache), false)
#4 C:\xampp\htdocs\cafein\index.php(37): CodeIgniter\CodeIgniter->run()
#5 {main}
CRITICAL - 2023-11-22 09:56:34 --> syntax error, unexpected token "class", expecting "{"
#0 C:\xampp\htdocs\cafein\system\Router\Router.php(176): CodeIgniter\Router\Router->autoRoute('Dashboard/dataO...')
#1 C:\xampp\htdocs\cafein\system\CodeIgniter.php(718): CodeIgniter\Router\Router->handle('Dashboard/dataO...')
#2 C:\xampp\htdocs\cafein\system\CodeIgniter.php(359): CodeIgniter\CodeIgniter->tryToRouteIt(Object(CodeIgniter\Router\RouteCollection))
#3 C:\xampp\htdocs\cafein\system\CodeIgniter.php(318): CodeIgniter\CodeIgniter->handleRequest(NULL, Object(Config\Cache), false)
#4 C:\xampp\htdocs\cafein\index.php(37): CodeIgniter\CodeIgniter->run()
#5 {main}
CRITICAL - 2023-11-22 09:56:35 --> syntax error, unexpected token "class", expecting "{"
#0 C:\xampp\htdocs\cafein\system\Router\Router.php(176): CodeIgniter\Router\Router->autoRoute('Dashboard/dataO...')
#1 C:\xampp\htdocs\cafein\system\CodeIgniter.php(718): CodeIgniter\Router\Router->handle('Dashboard/dataO...')
#2 C:\xampp\htdocs\cafein\system\CodeIgniter.php(359): CodeIgniter\CodeIgniter->tryToRouteIt(Object(CodeIgniter\Router\RouteCollection))
#3 C:\xampp\htdocs\cafein\system\CodeIgniter.php(318): CodeIgniter\CodeIgniter->handleRequest(NULL, Object(Config\Cache), false)
#4 C:\xampp\htdocs\cafein\index.php(37): CodeIgniter\CodeIgniter->run()
#5 {main}
CRITICAL - 2023-11-22 09:56:39 --> Cannot redeclare App\Controllers\Dashboard::$transaksiModel
#0 [internal function]: CodeIgniter\Debug\Exceptions->shutdownHandler()
#1 {main}
CRITICAL - 2023-11-22 09:56:40 --> Cannot redeclare App\Controllers\Dashboard::$transaksiModel
#0 [internal function]: CodeIgniter\Debug\Exceptions->shutdownHandler()
#1 {main}
CRITICAL - 2023-11-22 09:56:42 --> Cannot redeclare App\Controllers\Dashboard::$transaksiModel
#0 [internal function]: CodeIgniter\Debug\Exceptions->shutdownHandler()
#1 {main}
CRITICAL - 2023-11-22 09:56:42 --> Cannot redeclare App\Controllers\Dashboard::$transaksiModel
#0 [internal function]: CodeIgniter\Debug\Exceptions->shutdownHandler()
#1 {main}
CRITICAL - 2023-11-22 09:56:43 --> Cannot redeclare App\Controllers\Dashboard::$transaksiModel
#0 [internal function]: CodeIgniter\Debug\Exceptions->shutdownHandler()
#1 {main}
CRITICAL - 2023-11-22 09:56:44 --> Cannot redeclare App\Controllers\Dashboard::$transaksiModel
#0 [internal function]: CodeIgniter\Debug\Exceptions->shutdownHandler()
#1 {main}
CRITICAL - 2023-11-22 09:56:54 --> Class "App\Controllers\MemModel" not found
#0 C:\xampp\htdocs\cafein\system\CodeIgniter.php(801): App\Controllers\Dashboard->__construct()
#1 C:\xampp\htdocs\cafein\system\CodeIgniter.php(401): CodeIgniter\CodeIgniter->createController()
#2 C:\xampp\htdocs\cafein\system\CodeIgniter.php(318): CodeIgniter\CodeIgniter->handleRequest(NULL, Object(Config\Cache), false)
#3 C:\xampp\htdocs\cafein\index.php(37): CodeIgniter\CodeIgniter->run()
#4 {main}
CRITICAL - 2023-11-22 09:56:54 --> Class "App\Controllers\MemModel" not found
#0 C:\xampp\htdocs\cafein\system\CodeIgniter.php(801): App\Controllers\Dashboard->__construct()
#1 C:\xampp\htdocs\cafein\system\CodeIgniter.php(401): CodeIgniter\CodeIgniter->createController()
#2 C:\xampp\htdocs\cafein\system\CodeIgniter.php(318): CodeIgniter\CodeIgniter->handleRequest(NULL, Object(Config\Cache), false)
#3 C:\xampp\htdocs\cafein\index.php(37): CodeIgniter\CodeIgniter->run()
#4 {main}
CRITICAL - 2023-11-22 09:56:55 --> Class "App\Controllers\MembershipModel" not found
#0 C:\xampp\htdocs\cafein\system\CodeIgniter.php(801): App\Controllers\Dashboard->__construct()
#1 C:\xampp\htdocs\cafein\system\CodeIgniter.php(401): CodeIgniter\CodeIgniter->createController()
#2 C:\xampp\htdocs\cafein\system\CodeIgniter.php(318): CodeIgniter\CodeIgniter->handleRequest(NULL, Object(Config\Cache), false)
#3 C:\xampp\htdocs\cafein\index.php(37): CodeIgniter\CodeIgniter->run()
#4 {main}
CRITICAL - 2023-11-22 09:56:56 --> Class "App\Controllers\MembershipModel" not found
#0 C:\xampp\htdocs\cafein\system\CodeIgniter.php(801): App\Controllers\Dashboard->__construct()
#1 C:\xampp\htdocs\cafein\system\CodeIgniter.php(401): CodeIgniter\CodeIgniter->createController()
#2 C:\xampp\htdocs\cafein\system\CodeIgniter.php(318): CodeIgniter\CodeIgniter->handleRequest(NULL, Object(Config\Cache), false)
#3 C:\xampp\htdocs\cafein\index.php(37): CodeIgniter\CodeIgniter->run()
#4 {main}
CRITICAL - 2023-11-22 09:56:57 --> Class "App\Controllers\MembershipModel" not found
#0 C:\xampp\htdocs\cafein\system\CodeIgniter.php(801): App\Controllers\Dashboard->__construct()
#1 C:\xampp\htdocs\cafein\system\CodeIgniter.php(401): CodeIgniter\CodeIgniter->createController()
#2 C:\xampp\htdocs\cafein\system\CodeIgniter.php(318): CodeIgniter\CodeIgniter->handleRequest(NULL, Object(Config\Cache), false)
#3 C:\xampp\htdocs\cafein\index.php(37): CodeIgniter\CodeIgniter->run()
#4 {main}
CRITICAL - 2023-11-22 09:56:58 --> Class "App\Controllers\MembershipModel" not found
#0 C:\xampp\htdocs\cafein\system\CodeIgniter.php(801): App\Controllers\Dashboard->__construct()
#1 C:\xampp\htdocs\cafein\system\CodeIgniter.php(401): CodeIgniter\CodeIgniter->createController()
#2 C:\xampp\htdocs\cafein\system\CodeIgniter.php(318): CodeIgniter\CodeIgniter->handleRequest(NULL, Object(Config\Cache), false)
#3 C:\xampp\htdocs\cafein\index.php(37): CodeIgniter\CodeIgniter->run()
#4 {main}
CRITICAL - 2023-11-22 09:56:59 --> Class "App\Controllers\MembershipModel" not found
#0 C:\xampp\htdocs\cafein\system\CodeIgniter.php(801): App\Controllers\Dashboard->__construct()
#1 C:\xampp\htdocs\cafein\system\CodeIgniter.php(401): CodeIgniter\CodeIgniter->createController()
#2 C:\xampp\htdocs\cafein\system\CodeIgniter.php(318): CodeIgniter\CodeIgniter->handleRequest(NULL, Object(Config\Cache), false)
#3 C:\xampp\htdocs\cafein\index.php(37): CodeIgniter\CodeIgniter->run()
#4 {main}
CRITICAL - 2023-11-22 09:57:00 --> Class "App\Controllers\MembershipModel" not found
#0 C:\xampp\htdocs\cafein\system\CodeIgniter.php(801): App\Controllers\Dashboard->__construct()
#1 C:\xampp\htdocs\cafein\system\CodeIgniter.php(401): CodeIgniter\CodeIgniter->createController()
#2 C:\xampp\htdocs\cafein\system\CodeIgniter.php(318): CodeIgniter\CodeIgniter->handleRequest(NULL, Object(Config\Cache), false)
#3 C:\xampp\htdocs\cafein\index.php(37): CodeIgniter\CodeIgniter->run()
#4 {main}
CRITICAL - 2023-11-22 09:57:02 --> Class "App\Controllers\MembershipModel" not found
#0 C:\xampp\htdocs\cafein\system\CodeIgniter.php(801): App\Controllers\Dashboard->__construct()
#1 C:\xampp\htdocs\cafein\system\CodeIgniter.php(401): CodeIgniter\CodeIgniter->createController()
#2 C:\xampp\htdocs\cafein\system\CodeIgniter.php(318): CodeIgniter\CodeIgniter->handleRequest(NULL, Object(Config\Cache), false)
#3 C:\xampp\htdocs\cafein\index.php(37): CodeIgniter\CodeIgniter->run()
#4 {main}
CRITICAL - 2023-11-22 09:57:02 --> Class "App\Controllers\MembershipModel" not found
#0 C:\xampp\htdocs\cafein\system\CodeIgniter.php(801): App\Controllers\Dashboard->__construct()
#1 C:\xampp\htdocs\cafein\system\CodeIgniter.php(401): CodeIgniter\CodeIgniter->createController()
#2 C:\xampp\htdocs\cafein\system\CodeIgniter.php(318): CodeIgniter\CodeIgniter->handleRequest(NULL, Object(Config\Cache), false)
#3 C:\xampp\htdocs\cafein\index.php(37): CodeIgniter\CodeIgniter->run()
#4 {main}
CRITICAL - 2023-11-22 09:57:04 --> Class "App\Controllers\MembershipModel" not found
#0 C:\xampp\htdocs\cafein\system\CodeIgniter.php(801): App\Controllers\Dashboard->__construct()
#1 C:\xampp\htdocs\cafein\system\CodeIgniter.php(401): CodeIgniter\CodeIgniter->createController()
#2 C:\xampp\htdocs\cafein\system\CodeIgniter.php(318): CodeIgniter\CodeIgniter->handleRequest(NULL, Object(Config\Cache), false)
#3 C:\xampp\htdocs\cafein\index.php(37): CodeIgniter\CodeIgniter->run()
#4 {main}
CRITICAL - 2023-11-22 09:57:04 --> Class "App\Controllers\MembershipModel" not found
#0 C:\xampp\htdocs\cafein\system\CodeIgniter.php(801): App\Controllers\Dashboard->__construct()
#1 C:\xampp\htdocs\cafein\system\CodeIgniter.php(401): CodeIgniter\CodeIgniter->createController()
#2 C:\xampp\htdocs\cafein\system\CodeIgniter.php(318): CodeIgniter\CodeIgniter->handleRequest(NULL, Object(Config\Cache), false)
#3 C:\xampp\htdocs\cafein\index.php(37): CodeIgniter\CodeIgniter->run()
#4 {main}
CRITICAL - 2023-11-22 09:57:05 --> Class "App\Controllers\MembershipModel" not found
#0 C:\xampp\htdocs\cafein\system\CodeIgniter.php(801): App\Controllers\Dashboard->__construct()
#1 C:\xampp\htdocs\cafein\system\CodeIgniter.php(401): CodeIgniter\CodeIgniter->createController()
#2 C:\xampp\htdocs\cafein\system\CodeIgniter.php(318): CodeIgniter\CodeIgniter->handleRequest(NULL, Object(Config\Cache), false)
#3 C:\xampp\htdocs\cafein\index.php(37): CodeIgniter\CodeIgniter->run()
#4 {main}
CRITICAL - 2023-11-22 09:57:06 --> Class "App\Controllers\MembershipModel" not found
#0 C:\xampp\htdocs\cafein\system\CodeIgniter.php(801): App\Controllers\Dashboard->__construct()
#1 C:\xampp\htdocs\cafein\system\CodeIgniter.php(401): CodeIgniter\CodeIgniter->createController()
#2 C:\xampp\htdocs\cafein\system\CodeIgniter.php(318): CodeIgniter\CodeIgniter->handleRequest(NULL, Object(Config\Cache), false)
#3 C:\xampp\htdocs\cafein\index.php(37): CodeIgniter\CodeIgniter->run()
#4 {main}
CRITICAL - 2023-11-22 09:57:07 --> Class "App\Controllers\MembershipModel" not found
#0 C:\xampp\htdocs\cafein\system\CodeIgniter.php(801): App\Controllers\Dashboard->__construct()
#1 C:\xampp\htdocs\cafein\system\CodeIgniter.php(401): CodeIgniter\CodeIgniter->createController()
#2 C:\xampp\htdocs\cafein\system\CodeIgniter.php(318): CodeIgniter\CodeIgniter->handleRequest(NULL, Object(Config\Cache), false)
#3 C:\xampp\htdocs\cafein\index.php(37): CodeIgniter\CodeIgniter->run()
#4 {main}
CRITICAL - 2023-11-22 09:57:08 --> Class "App\Controllers\MembershipModel" not found
#0 C:\xampp\htdocs\cafein\system\CodeIgniter.php(801): App\Controllers\Dashboard->__construct()
#1 C:\xampp\htdocs\cafein\system\CodeIgniter.php(401): CodeIgniter\CodeIgniter->createController()
#2 C:\xampp\htdocs\cafein\system\CodeIgniter.php(318): CodeIgniter\CodeIgniter->handleRequest(NULL, Object(Config\Cache), false)
#3 C:\xampp\htdocs\cafein\index.php(37): CodeIgniter\CodeIgniter->run()
#4 {main}
CRITICAL - 2023-11-22 09:57:09 --> Class "App\Controllers\MembershipModel" not found
#0 C:\xampp\htdocs\cafein\system\CodeIgniter.php(801): App\Controllers\Dashboard->__construct()
#1 C:\xampp\htdocs\cafein\system\CodeIgniter.php(401): CodeIgniter\CodeIgniter->createController()
#2 C:\xampp\htdocs\cafein\system\CodeIgniter.php(318): CodeIgniter\CodeIgniter->handleRequest(NULL, Object(Config\Cache), false)
#3 C:\xampp\htdocs\cafein\index.php(37): CodeIgniter\CodeIgniter->run()
#4 {main}
CRITICAL - 2023-11-22 09:57:10 --> Class "App\Controllers\MembershipModel" not found
#0 C:\xampp\htdocs\cafein\system\CodeIgniter.php(801): App\Controllers\Dashboard->__construct()
#1 C:\xampp\htdocs\cafein\system\CodeIgniter.php(401): CodeIgniter\CodeIgniter->createController()
#2 C:\xampp\htdocs\cafein\system\CodeIgniter.php(318): CodeIgniter\CodeIgniter->handleRequest(NULL, Object(Config\Cache), false)
#3 C:\xampp\htdocs\cafein\index.php(37): CodeIgniter\CodeIgniter->run()
#4 {main}
CRITICAL - 2023-11-22 09:57:11 --> Class "App\Controllers\MembershipModel" not found
#0 C:\xampp\htdocs\cafein\system\CodeIgniter.php(801): App\Controllers\Dashboard->__construct()
#1 C:\xampp\htdocs\cafein\system\CodeIgniter.php(401): CodeIgniter\CodeIgniter->createController()
#2 C:\xampp\htdocs\cafein\system\CodeIgniter.php(318): CodeIgniter\CodeIgniter->handleRequest(NULL, Object(Config\Cache), false)
#3 C:\xampp\htdocs\cafein\index.php(37): CodeIgniter\CodeIgniter->run()
#4 {main}
CRITICAL - 2023-11-22 09:57:12 --> Class "App\Controllers\MembershipModel" not found
#0 C:\xampp\htdocs\cafein\system\CodeIgniter.php(801): App\Controllers\Dashboard->__construct()
#1 C:\xampp\htdocs\cafein\system\CodeIgniter.php(401): CodeIgniter\CodeIgniter->createController()
#2 C:\xampp\htdocs\cafein\system\CodeIgniter.php(318): CodeIgniter\CodeIgniter->handleRequest(NULL, Object(Config\Cache), false)
#3 C:\xampp\htdocs\cafein\index.php(37): CodeIgniter\CodeIgniter->run()
#4 {main}
CRITICAL - 2023-11-22 09:57:13 --> Class "App\Controllers\MembershipModel" not found
#0 C:\xampp\htdocs\cafein\system\CodeIgniter.php(801): App\Controllers\Dashboard->__construct()
#1 C:\xampp\htdocs\cafein\system\CodeIgniter.php(401): CodeIgniter\CodeIgniter->createController()
#2 C:\xampp\htdocs\cafein\system\CodeIgniter.php(318): CodeIgniter\CodeIgniter->handleRequest(NULL, Object(Config\Cache), false)
#3 C:\xampp\htdocs\cafein\index.php(37): CodeIgniter\CodeIgniter->run()
#4 {main}
CRITICAL - 2023-11-22 09:57:14 --> Class "App\Controllers\MembershipModel" not found
#0 C:\xampp\htdocs\cafein\system\CodeIgniter.php(801): App\Controllers\Dashboard->__construct()
#1 C:\xampp\htdocs\cafein\system\CodeIgniter.php(401): CodeIgniter\CodeIgniter->createController()
#2 C:\xampp\htdocs\cafein\system\CodeIgniter.php(318): CodeIgniter\CodeIgniter->handleRequest(NULL, Object(Config\Cache), false)
#3 C:\xampp\htdocs\cafein\index.php(37): CodeIgniter\CodeIgniter->run()
#4 {main}
CRITICAL - 2023-11-22 09:57:15 --> Class "App\Controllers\MembershipModel" not found
#0 C:\xampp\htdocs\cafein\system\CodeIgniter.php(801): App\Controllers\Dashboard->__construct()
#1 C:\xampp\htdocs\cafein\system\CodeIgniter.php(401): CodeIgniter\CodeIgniter->createController()
#2 C:\xampp\htdocs\cafein\system\CodeIgniter.php(318): CodeIgniter\CodeIgniter->handleRequest(NULL, Object(Config\Cache), false)
#3 C:\xampp\htdocs\cafein\index.php(37): CodeIgniter\CodeIgniter->run()
#4 {main}
CRITICAL - 2023-11-22 09:57:16 --> Class "App\Controllers\MembershipModel" not found
#0 C:\xampp\htdocs\cafein\system\CodeIgniter.php(801): App\Controllers\Dashboard->__construct()
#1 C:\xampp\htdocs\cafein\system\CodeIgniter.php(401): CodeIgniter\CodeIgniter->createController()
#2 C:\xampp\htdocs\cafein\system\CodeIgniter.php(318): CodeIgniter\CodeIgniter->handleRequest(NULL, Object(Config\Cache), false)
#3 C:\xampp\htdocs\cafein\index.php(37): CodeIgniter\CodeIgniter->run()
#4 {main}
CRITICAL - 2023-11-22 09:57:17 --> Class "App\Controllers\MembershipModel" not found
#0 C:\xampp\htdocs\cafein\system\CodeIgniter.php(801): App\Controllers\Dashboard->__construct()
#1 C:\xampp\htdocs\cafein\system\CodeIgniter.php(401): CodeIgniter\CodeIgniter->createController()
#2 C:\xampp\htdocs\cafein\system\CodeIgniter.php(318): CodeIgniter\CodeIgniter->handleRequest(NULL, Object(Config\Cache), false)
#3 C:\xampp\htdocs\cafein\index.php(37): CodeIgniter\CodeIgniter->run()
#4 {main}
CRITICAL - 2023-11-22 09:57:18 --> Class "App\Controllers\MembershipModel" not found
#0 C:\xampp\htdocs\cafein\system\CodeIgniter.php(801): App\Controllers\Dashboard->__construct()
#1 C:\xampp\htdocs\cafein\system\CodeIgniter.php(401): CodeIgniter\CodeIgniter->createController()
#2 C:\xampp\htdocs\cafein\system\CodeIgniter.php(318): CodeIgniter\CodeIgniter->handleRequest(NULL, Object(Config\Cache), false)
#3 C:\xampp\htdocs\cafein\index.php(37): CodeIgniter\CodeIgniter->run()
#4 {main}
CRITICAL - 2023-11-22 09:57:19 --> Class "App\Controllers\MembershipModel" not found
#0 C:\xampp\htdocs\cafein\system\CodeIgniter.php(801): App\Controllers\Dashboard->__construct()
#1 C:\xampp\htdocs\cafein\system\CodeIgniter.php(401): CodeIgniter\CodeIgniter->createController()
#2 C:\xampp\htdocs\cafein\system\CodeIgniter.php(318): CodeIgniter\CodeIgniter->handleRequest(NULL, Object(Config\Cache), false)
#3 C:\xampp\htdocs\cafein\index.php(37): CodeIgniter\CodeIgniter->run()
#4 {main}
CRITICAL - 2023-11-22 09:57:20 --> Class "App\Controllers\MembershipModel" not found
#0 C:\xampp\htdocs\cafein\system\CodeIgniter.php(801): App\Controllers\Dashboard->__construct()
#1 C:\xampp\htdocs\cafein\system\CodeIgniter.php(401): CodeIgniter\CodeIgniter->createController()
#2 C:\xampp\htdocs\cafein\system\CodeIgniter.php(318): CodeIgniter\CodeIgniter->handleRequest(NULL, Object(Config\Cache), false)
#3 C:\xampp\htdocs\cafein\index.php(37): CodeIgniter\CodeIgniter->run()
#4 {main}
CRITICAL - 2023-11-22 09:57:21 --> Class "App\Controllers\MembershipModel" not found
#0 C:\xampp\htdocs\cafein\system\CodeIgniter.php(801): App\Controllers\Dashboard->__construct()
#1 C:\xampp\htdocs\cafein\system\CodeIgniter.php(401): CodeIgniter\CodeIgniter->createController()
#2 C:\xampp\htdocs\cafein\system\CodeIgniter.php(318): CodeIgniter\CodeIgniter->handleRequest(NULL, Object(Config\Cache), false)
#3 C:\xampp\htdocs\cafein\index.php(37): CodeIgniter\CodeIgniter->run()
#4 {main}
CRITICAL - 2023-11-22 09:57:22 --> Class "App\Controllers\MembershipModel" not found
#0 C:\xampp\htdocs\cafein\system\CodeIgniter.php(801): App\Controllers\Dashboard->__construct()
#1 C:\xampp\htdocs\cafein\system\CodeIgniter.php(401): CodeIgniter\CodeIgniter->createController()
#2 C:\xampp\htdocs\cafein\system\CodeIgniter.php(318): CodeIgniter\CodeIgniter->handleRequest(NULL, Object(Config\Cache), false)
#3 C:\xampp\htdocs\cafein\index.php(37): CodeIgniter\CodeIgniter->run()
#4 {main}
CRITICAL - 2023-11-22 09:57:23 --> Class "App\Controllers\MembershipModel" not found
#0 C:\xampp\htdocs\cafein\system\CodeIgniter.php(801): App\Controllers\Dashboard->__construct()
#1 C:\xampp\htdocs\cafein\system\CodeIgniter.php(401): CodeIgniter\CodeIgniter->createController()
#2 C:\xampp\htdocs\cafein\system\CodeIgniter.php(318): CodeIgniter\CodeIgniter->handleRequest(NULL, Object(Config\Cache), false)
#3 C:\xampp\htdocs\cafein\index.php(37): CodeIgniter\CodeIgniter->run()
#4 {main}
CRITICAL - 2023-11-22 09:57:24 --> Class "App\Controllers\MembershipModel" not found
#0 C:\xampp\htdocs\cafein\system\CodeIgniter.php(801): App\Controllers\Dashboard->__construct()
#1 C:\xampp\htdocs\cafein\system\CodeIgniter.php(401): CodeIgniter\CodeIgniter->createController()
#2 C:\xampp\htdocs\cafein\system\CodeIgniter.php(318): CodeIgniter\CodeIgniter->handleRequest(NULL, Object(Config\Cache), false)
#3 C:\xampp\htdocs\cafein\index.php(37): CodeIgniter\CodeIgniter->run()
#4 {main}
CRITICAL - 2023-11-22 09:57:25 --> Class "App\Controllers\MembershipModel" not found
#0 C:\xampp\htdocs\cafein\system\CodeIgniter.php(801): App\Controllers\Dashboard->__construct()
#1 C:\xampp\htdocs\cafein\system\CodeIgniter.php(401): CodeIgniter\CodeIgniter->createController()
#2 C:\xampp\htdocs\cafein\system\CodeIgniter.php(318): CodeIgniter\CodeIgniter->handleRequest(NULL, Object(Config\Cache), false)
#3 C:\xampp\htdocs\cafein\index.php(37): CodeIgniter\CodeIgniter->run()
#4 {main}
CRITICAL - 2023-11-22 09:57:26 --> Class "App\Controllers\MembershipModel" not found
#0 C:\xampp\htdocs\cafein\system\CodeIgniter.php(801): App\Controllers\Dashboard->__construct()
#1 C:\xampp\htdocs\cafein\system\CodeIgniter.php(401): CodeIgniter\CodeIgniter->createController()
#2 C:\xampp\htdocs\cafein\system\CodeIgniter.php(318): CodeIgniter\CodeIgniter->handleRequest(NULL, Object(Config\Cache), false)
#3 C:\xampp\htdocs\cafein\index.php(37): CodeIgniter\CodeIgniter->run()
#4 {main}
CRITICAL - 2023-11-22 09:57:27 --> Class "App\Controllers\MembershipModel" not found
#0 C:\xampp\htdocs\cafein\system\CodeIgniter.php(801): App\Controllers\Dashboard->__construct()
#1 C:\xampp\htdocs\cafein\system\CodeIgniter.php(401): CodeIgniter\CodeIgniter->createController()
#2 C:\xampp\htdocs\cafein\system\CodeIgniter.php(318): CodeIgniter\CodeIgniter->handleRequest(NULL, Object(Config\Cache), false)
#3 C:\xampp\htdocs\cafein\index.php(37): CodeIgniter\CodeIgniter->run()
#4 {main}
CRITICAL - 2023-11-22 09:57:28 --> Class "App\Controllers\MembershipModel" not found
#0 C:\xampp\htdocs\cafein\system\CodeIgniter.php(801): App\Controllers\Dashboard->__construct()
#1 C:\xampp\htdocs\cafein\system\CodeIgniter.php(401): CodeIgniter\CodeIgniter->createController()
#2 C:\xampp\htdocs\cafein\system\CodeIgniter.php(318): CodeIgniter\CodeIgniter->handleRequest(NULL, Object(Config\Cache), false)
#3 C:\xampp\htdocs\cafein\index.php(37): CodeIgniter\CodeIgniter->run()
#4 {main}
CRITICAL - 2023-11-22 09:57:29 --> Class "App\Controllers\MembershipModel" not found
#0 C:\xampp\htdocs\cafein\system\CodeIgniter.php(801): App\Controllers\Dashboard->__construct()
#1 C:\xampp\htdocs\cafein\system\CodeIgniter.php(401): CodeIgniter\CodeIgniter->createController()
#2 C:\xampp\htdocs\cafein\system\CodeIgniter.php(318): CodeIgniter\CodeIgniter->handleRequest(NULL, Object(Config\Cache), false)
#3 C:\xampp\htdocs\cafein\index.php(37): CodeIgniter\CodeIgniter->run()
#4 {main}
CRITICAL - 2023-11-22 09:57:30 --> Class "App\Controllers\MembershipModel" not found
#0 C:\xampp\htdocs\cafein\system\CodeIgniter.php(801): App\Controllers\Dashboard->__construct()
#1 C:\xampp\htdocs\cafein\system\CodeIgniter.php(401): CodeIgniter\CodeIgniter->createController()
#2 C:\xampp\htdocs\cafein\system\CodeIgniter.php(318): CodeIgniter\CodeIgniter->handleRequest(NULL, Object(Config\Cache), false)
#3 C:\xampp\htdocs\cafein\index.php(37): CodeIgniter\CodeIgniter->run()
#4 {main}
CRITICAL - 2023-11-22 09:57:31 --> Class "App\Controllers\MembershipModel" not found
#0 C:\xampp\htdocs\cafein\system\CodeIgniter.php(801): App\Controllers\Dashboard->__construct()
#1 C:\xampp\htdocs\cafein\system\CodeIgniter.php(401): CodeIgniter\CodeIgniter->createController()
#2 C:\xampp\htdocs\cafein\system\CodeIgniter.php(318): CodeIgniter\CodeIgniter->handleRequest(NULL, Object(Config\Cache), false)
#3 C:\xampp\htdocs\cafein\index.php(37): CodeIgniter\CodeIgniter->run()
#4 {main}
CRITICAL - 2023-11-22 09:57:32 --> Class "App\Controllers\MembershipModel" not found
#0 C:\xampp\htdocs\cafein\system\CodeIgniter.php(801): App\Controllers\Dashboard->__construct()
#1 C:\xampp\htdocs\cafein\system\CodeIgniter.php(401): CodeIgniter\CodeIgniter->createController()
#2 C:\xampp\htdocs\cafein\system\CodeIgniter.php(318): CodeIgniter\CodeIgniter->handleRequest(NULL, Object(Config\Cache), false)
#3 C:\xampp\htdocs\cafein\index.php(37): CodeIgniter\CodeIgniter->run()
#4 {main}
CRITICAL - 2023-11-22 09:57:33 --> Class "App\Controllers\MembershipModel" not found
#0 C:\xampp\htdocs\cafein\system\CodeIgniter.php(801): App\Controllers\Dashboard->__construct()
#1 C:\xampp\htdocs\cafein\system\CodeIgniter.php(401): CodeIgniter\CodeIgniter->createController()
#2 C:\xampp\htdocs\cafein\system\CodeIgniter.php(318): CodeIgniter\CodeIgniter->handleRequest(NULL, Object(Config\Cache), false)
#3 C:\xampp\htdocs\cafein\index.php(37): CodeIgniter\CodeIgniter->run()
#4 {main}
CRITICAL - 2023-11-22 09:57:34 --> Class "App\Controllers\MembershipModel" not found
#0 C:\xampp\htdocs\cafein\system\CodeIgniter.php(801): App\Controllers\Dashboard->__construct()
#1 C:\xampp\htdocs\cafein\system\CodeIgniter.php(401): CodeIgniter\CodeIgniter->createController()
#2 C:\xampp\htdocs\cafein\system\CodeIgniter.php(318): CodeIgniter\CodeIgniter->handleRequest(NULL, Object(Config\Cache), false)
#3 C:\xampp\htdocs\cafein\index.php(37): CodeIgniter\CodeIgniter->run()
#4 {main}
CRITICAL - 2023-11-22 09:57:35 --> Class "App\Controllers\MembershipModel" not found
#0 C:\xampp\htdocs\cafein\system\CodeIgniter.php(801): App\Controllers\Dashboard->__construct()
#1 C:\xampp\htdocs\cafein\system\CodeIgniter.php(401): CodeIgniter\CodeIgniter->createController()
#2 C:\xampp\htdocs\cafein\system\CodeIgniter.php(318): CodeIgniter\CodeIgniter->handleRequest(NULL, Object(Config\Cache), false)
#3 C:\xampp\htdocs\cafein\index.php(37): CodeIgniter\CodeIgniter->run()
#4 {main}
CRITICAL - 2023-11-22 09:57:36 --> Class "App\Controllers\MembershipModel" not found
#0 C:\xampp\htdocs\cafein\system\CodeIgniter.php(801): App\Controllers\Dashboard->__construct()
#1 C:\xampp\htdocs\cafein\system\CodeIgniter.php(401): CodeIgniter\CodeIgniter->createController()
#2 C:\xampp\htdocs\cafein\system\CodeIgniter.php(318): CodeIgniter\CodeIgniter->handleRequest(NULL, Object(Config\Cache), false)
#3 C:\xampp\htdocs\cafein\index.php(37): CodeIgniter\CodeIgniter->run()
#4 {main}
CRITICAL - 2023-11-22 09:57:37 --> Class "App\Controllers\MembershipModel" not found
#0 C:\xampp\htdocs\cafein\system\CodeIgniter.php(801): App\Controllers\Dashboard->__construct()
#1 C:\xampp\htdocs\cafein\system\CodeIgniter.php(401): CodeIgniter\CodeIgniter->createController()
#2 C:\xampp\htdocs\cafein\system\CodeIgniter.php(318): CodeIgniter\CodeIgniter->handleRequest(NULL, Object(Config\Cache), false)
#3 C:\xampp\htdocs\cafein\index.php(37): CodeIgniter\CodeIgniter->run()
#4 {main}
CRITICAL - 2023-11-22 09:57:38 --> Class "App\Controllers\MembershipModel" not found
#0 C:\xampp\htdocs\cafein\system\CodeIgniter.php(801): App\Controllers\Dashboard->__construct()
#1 C:\xampp\htdocs\cafein\system\CodeIgniter.php(401): CodeIgniter\CodeIgniter->createController()
#2 C:\xampp\htdocs\cafein\system\CodeIgniter.php(318): CodeIgniter\CodeIgniter->handleRequest(NULL, Object(Config\Cache), false)
#3 C:\xampp\htdocs\cafein\index.php(37): CodeIgniter\CodeIgniter->run()
#4 {main}
CRITICAL - 2023-11-22 09:57:39 --> Class "App\Controllers\MembershipModel" not found
#0 C:\xampp\htdocs\cafein\system\CodeIgniter.php(801): App\Controllers\Dashboard->__construct()
#1 C:\xampp\htdocs\cafein\system\CodeIgniter.php(401): CodeIgniter\CodeIgniter->createController()
#2 C:\xampp\htdocs\cafein\system\CodeIgniter.php(318): CodeIgniter\CodeIgniter->handleRequest(NULL, Object(Config\Cache), false)
#3 C:\xampp\htdocs\cafein\index.php(37): CodeIgniter\CodeIgniter->run()
#4 {main}
CRITICAL - 2023-11-22 09:57:40 --> Class "App\Controllers\MembershipModel" not found
#0 C:\xampp\htdocs\cafein\system\CodeIgniter.php(801): App\Controllers\Dashboard->__construct()
#1 C:\xampp\htdocs\cafein\system\CodeIgniter.php(401): CodeIgniter\CodeIgniter->createController()
#2 C:\xampp\htdocs\cafein\system\CodeIgniter.php(318): CodeIgniter\CodeIgniter->handleRequest(NULL, Object(Config\Cache), false)
#3 C:\xampp\htdocs\cafein\index.php(37): CodeIgniter\CodeIgniter->run()
#4 {main}
CRITICAL - 2023-11-22 09:57:41 --> Class "App\Controllers\MembershipModel" not found
#0 C:\xampp\htdocs\cafein\system\CodeIgniter.php(801): App\Controllers\Dashboard->__construct()
#1 C:\xampp\htdocs\cafein\system\CodeIgniter.php(401): CodeIgniter\CodeIgniter->createController()
#2 C:\xampp\htdocs\cafein\system\CodeIgniter.php(318): CodeIgniter\CodeIgniter->handleRequest(NULL, Object(Config\Cache), false)
#3 C:\xampp\htdocs\cafein\index.php(37): CodeIgniter\CodeIgniter->run()
#4 {main}
CRITICAL - 2023-11-22 09:57:42 --> Class "App\Controllers\MembershipModel" not found
#0 C:\xampp\htdocs\cafein\system\CodeIgniter.php(801): App\Controllers\Dashboard->__construct()
#1 C:\xampp\htdocs\cafein\system\CodeIgniter.php(401): CodeIgniter\CodeIgniter->createController()
#2 C:\xampp\htdocs\cafein\system\CodeIgniter.php(318): CodeIgniter\CodeIgniter->handleRequest(NULL, Object(Config\Cache), false)
#3 C:\xampp\htdocs\cafein\index.php(37): CodeIgniter\CodeIgniter->run()
#4 {main}
CRITICAL - 2023-11-22 09:57:43 --> Class "App\Controllers\MembershipModel" not found
#0 C:\xampp\htdocs\cafein\system\CodeIgniter.php(801): App\Controllers\Dashboard->__construct()
#1 C:\xampp\htdocs\cafein\system\CodeIgniter.php(401): CodeIgniter\CodeIgniter->createController()
#2 C:\xampp\htdocs\cafein\system\CodeIgniter.php(318): CodeIgniter\CodeIgniter->handleRequest(NULL, Object(Config\Cache), false)
#3 C:\xampp\htdocs\cafein\index.php(37): CodeIgniter\CodeIgniter->run()
#4 {main}
CRITICAL - 2023-11-22 09:57:44 --> Class "App\Controllers\MembershipModel" not found
#0 C:\xampp\htdocs\cafein\system\CodeIgniter.php(801): App\Controllers\Dashboard->__construct()
#1 C:\xampp\htdocs\cafein\system\CodeIgniter.php(401): CodeIgniter\CodeIgniter->createController()
#2 C:\xampp\htdocs\cafein\system\CodeIgniter.php(318): CodeIgniter\CodeIgniter->handleRequest(NULL, Object(Config\Cache), false)
#3 C:\xampp\htdocs\cafein\index.php(37): CodeIgniter\CodeIgniter->run()
#4 {main}
CRITICAL - 2023-11-22 09:57:45 --> Class "App\Controllers\MembershipModel" not found
#0 C:\xampp\htdocs\cafein\system\CodeIgniter.php(801): App\Controllers\Dashboard->__construct()
#1 C:\xampp\htdocs\cafein\system\CodeIgniter.php(401): CodeIgniter\CodeIgniter->createController()
#2 C:\xampp\htdocs\cafein\system\CodeIgniter.php(318): CodeIgniter\CodeIgniter->handleRequest(NULL, Object(Config\Cache), false)
#3 C:\xampp\htdocs\cafein\index.php(37): CodeIgniter\CodeIgniter->run()
#4 {main}
CRITICAL - 2023-11-22 09:57:46 --> Class "App\Controllers\MembershipModel" not found
#0 C:\xampp\htdocs\cafein\system\CodeIgniter.php(801): App\Controllers\Dashboard->__construct()
#1 C:\xampp\htdocs\cafein\system\CodeIgniter.php(401): CodeIgniter\CodeIgniter->createController()
#2 C:\xampp\htdocs\cafein\system\CodeIgniter.php(318): CodeIgniter\CodeIgniter->handleRequest(NULL, Object(Config\Cache), false)
#3 C:\xampp\htdocs\cafein\index.php(37): CodeIgniter\CodeIgniter->run()
#4 {main}
CRITICAL - 2023-11-22 09:57:47 --> Class "App\Controllers\MembershipModel" not found
#0 C:\xampp\htdocs\cafein\system\CodeIgniter.php(801): App\Controllers\Dashboard->__construct()
#1 C:\xampp\htdocs\cafein\system\CodeIgniter.php(401): CodeIgniter\CodeIgniter->createController()
#2 C:\xampp\htdocs\cafein\system\CodeIgniter.php(318): CodeIgniter\CodeIgniter->handleRequest(NULL, Object(Config\Cache), false)
#3 C:\xampp\htdocs\cafein\index.php(37): CodeIgniter\CodeIgniter->run()
#4 {main}
CRITICAL - 2023-11-22 09:57:48 --> Class "App\Controllers\MembershipModel" not found
#0 C:\xampp\htdocs\cafein\system\CodeIgniter.php(801): App\Controllers\Dashboard->__construct()
#1 C:\xampp\htdocs\cafein\system\CodeIgniter.php(401): CodeIgniter\CodeIgniter->createController()
#2 C:\xampp\htdocs\cafein\system\CodeIgniter.php(318): CodeIgniter\CodeIgniter->handleRequest(NULL, Object(Config\Cache), false)
#3 C:\xampp\htdocs\cafein\index.php(37): CodeIgniter\CodeIgniter->run()
#4 {main}
CRITICAL - 2023-11-22 09:57:49 --> Class "App\Controllers\MembershipModel" not found
#0 C:\xampp\htdocs\cafein\system\CodeIgniter.php(801): App\Controllers\Dashboard->__construct()
#1 C:\xampp\htdocs\cafein\system\CodeIgniter.php(401): CodeIgniter\CodeIgniter->createController()
#2 C:\xampp\htdocs\cafein\system\CodeIgniter.php(318): CodeIgniter\CodeIgniter->handleRequest(NULL, Object(Config\Cache), false)
#3 C:\xampp\htdocs\cafein\index.php(37): CodeIgniter\CodeIgniter->run()
#4 {main}
CRITICAL - 2023-11-22 09:57:50 --> Class "App\Controllers\MembershipModel" not found
#0 C:\xampp\htdocs\cafein\system\CodeIgniter.php(801): App\Controllers\Dashboard->__construct()
#1 C:\xampp\htdocs\cafein\system\CodeIgniter.php(401): CodeIgniter\CodeIgniter->createController()
#2 C:\xampp\htdocs\cafein\system\CodeIgniter.php(318): CodeIgniter\CodeIgniter->handleRequest(NULL, Object(Config\Cache), false)
#3 C:\xampp\htdocs\cafein\index.php(37): CodeIgniter\CodeIgniter->run()
#4 {main}
CRITICAL - 2023-11-22 09:57:51 --> Class "App\Controllers\MembershipModel" not found
#0 C:\xampp\htdocs\cafein\system\CodeIgniter.php(801): App\Controllers\Dashboard->__construct()
#1 C:\xampp\htdocs\cafein\system\CodeIgniter.php(401): CodeIgniter\CodeIgniter->createController()
#2 C:\xampp\htdocs\cafein\system\CodeIgniter.php(318): CodeIgniter\CodeIgniter->handleRequest(NULL, Object(Config\Cache), false)
#3 C:\xampp\htdocs\cafein\index.php(37): CodeIgniter\CodeIgniter->run()
#4 {main}
CRITICAL - 2023-11-22 09:57:52 --> Class "App\Controllers\MembershipModel" not found
#0 C:\xampp\htdocs\cafein\system\CodeIgniter.php(801): App\Controllers\Dashboard->__construct()
#1 C:\xampp\htdocs\cafein\system\CodeIgniter.php(401): CodeIgniter\CodeIgniter->createController()
#2 C:\xampp\htdocs\cafein\system\CodeIgniter.php(318): CodeIgniter\CodeIgniter->handleRequest(NULL, Object(Config\Cache), false)
#3 C:\xampp\htdocs\cafein\index.php(37): CodeIgniter\CodeIgniter->run()
#4 {main}
CRITICAL - 2023-11-22 09:57:53 --> Class "App\Controllers\MembershipModel" not found
#0 C:\xampp\htdocs\cafein\system\CodeIgniter.php(801): App\Controllers\Dashboard->__construct()
#1 C:\xampp\htdocs\cafein\system\CodeIgniter.php(401): CodeIgniter\CodeIgniter->createController()
#2 C:\xampp\htdocs\cafein\system\CodeIgniter.php(318): CodeIgniter\CodeIgniter->handleRequest(NULL, Object(Config\Cache), false)
#3 C:\xampp\htdocs\cafein\index.php(37): CodeIgniter\CodeIgniter->run()
#4 {main}
CRITICAL - 2023-11-22 09:57:54 --> Class "App\Controllers\MembershipModel" not found
#0 C:\xampp\htdocs\cafein\system\CodeIgniter.php(801): App\Controllers\Dashboard->__construct()
#1 C:\xampp\htdocs\cafein\system\CodeIgniter.php(401): CodeIgniter\CodeIgniter->createController()
#2 C:\xampp\htdocs\cafein\system\CodeIgniter.php(318): CodeIgniter\CodeIgniter->handleRequest(NULL, Object(Config\Cache), false)
#3 C:\xampp\htdocs\cafein\index.php(37): CodeIgniter\CodeIgniter->run()
#4 {main}
CRITICAL - 2023-11-22 09:57:55 --> Class "App\Controllers\MembershipModel" not found
#0 C:\xampp\htdocs\cafein\system\CodeIgniter.php(801): App\Controllers\Dashboard->__construct()
#1 C:\xampp\htdocs\cafein\system\CodeIgniter.php(401): CodeIgniter\CodeIgniter->createController()
#2 C:\xampp\htdocs\cafein\system\CodeIgniter.php(318): CodeIgniter\CodeIgniter->handleRequest(NULL, Object(Config\Cache), false)
#3 C:\xampp\htdocs\cafein\index.php(37): CodeIgniter\CodeIgniter->run()
#4 {main}
CRITICAL - 2023-11-22 09:57:56 --> Class "App\Controllers\MembershipModel" not found
#0 C:\xampp\htdocs\cafein\system\CodeIgniter.php(801): App\Controllers\Dashboard->__construct()
#1 C:\xampp\htdocs\cafein\system\CodeIgniter.php(401): CodeIgniter\CodeIgniter->createController()
#2 C:\xampp\htdocs\cafein\system\CodeIgniter.php(318): CodeIgniter\CodeIgniter->handleRequest(NULL, Object(Config\Cache), false)
#3 C:\xampp\htdocs\cafein\index.php(37): CodeIgniter\CodeIgniter->run()
#4 {main}
CRITICAL - 2023-11-22 09:57:59 --> Class "App\Controllers\MembershipModel" not found
#0 C:\xampp\htdocs\cafein\system\CodeIgniter.php(801): App\Controllers\Dashboard->__construct()
#1 C:\xampp\htdocs\cafein\system\CodeIgniter.php(401): CodeIgniter\CodeIgniter->createController()
#2 C:\xampp\htdocs\cafein\system\CodeIgniter.php(318): CodeIgniter\CodeIgniter->handleRequest(NULL, Object(Config\Cache), false)
#3 C:\xampp\htdocs\cafein\index.php(37): CodeIgniter\CodeIgniter->run()
#4 {main}
CRITICAL - 2023-11-22 09:58:00 --> Class "App\Controllers\MembershipModel" not found
#0 C:\xampp\htdocs\cafein\system\CodeIgniter.php(801): App\Controllers\Dashboard->__construct()
#1 C:\xampp\htdocs\cafein\system\CodeIgniter.php(401): CodeIgniter\CodeIgniter->createController()
#2 C:\xampp\htdocs\cafein\system\CodeIgniter.php(318): CodeIgniter\CodeIgniter->handleRequest(NULL, Object(Config\Cache), false)
#3 C:\xampp\htdocs\cafein\index.php(37): CodeIgniter\CodeIgniter->run()
#4 {main}
CRITICAL - 2023-11-22 09:58:01 --> Class "App\Controllers\MembershipModel" not found
#0 C:\xampp\htdocs\cafein\system\CodeIgniter.php(801): App\Controllers\Dashboard->__construct()
#1 C:\xampp\htdocs\cafein\system\CodeIgniter.php(401): CodeIgniter\CodeIgniter->createController()
#2 C:\xampp\htdocs\cafein\system\CodeIgniter.php(318): CodeIgniter\CodeIgniter->handleRequest(NULL, Object(Config\Cache), false)
#3 C:\xampp\htdocs\cafein\index.php(37): CodeIgniter\CodeIgniter->run()
#4 {main}
CRITICAL - 2023-11-22 09:58:02 --> Class "App\Controllers\MembershipModel" not found
#0 C:\xampp\htdocs\cafein\system\CodeIgniter.php(801): App\Controllers\Dashboard->__construct()
#1 C:\xampp\htdocs\cafein\system\CodeIgniter.php(401): CodeIgniter\CodeIgniter->createController()
#2 C:\xampp\htdocs\cafein\system\CodeIgniter.php(318): CodeIgniter\CodeIgniter->handleRequest(NULL, Object(Config\Cache), false)
#3 C:\xampp\htdocs\cafein\index.php(37): CodeIgniter\CodeIgniter->run()
#4 {main}
CRITICAL - 2023-11-22 09:58:03 --> Class "App\Controllers\MembershipModel" not found
#0 C:\xampp\htdocs\cafein\system\CodeIgniter.php(801): App\Controllers\Dashboard->__construct()
#1 C:\xampp\htdocs\cafein\system\CodeIgniter.php(401): CodeIgniter\CodeIgniter->createController()
#2 C:\xampp\htdocs\cafein\system\CodeIgniter.php(318): CodeIgniter\CodeIgniter->handleRequest(NULL, Object(Config\Cache), false)
#3 C:\xampp\htdocs\cafein\index.php(37): CodeIgniter\CodeIgniter->run()
#4 {main}
CRITICAL - 2023-11-22 09:58:04 --> Class "App\Controllers\MembershipModel" not found
#0 C:\xampp\htdocs\cafein\system\CodeIgniter.php(801): App\Controllers\Dashboard->__construct()
#1 C:\xampp\htdocs\cafein\system\CodeIgniter.php(401): CodeIgniter\CodeIgniter->createController()
#2 C:\xampp\htdocs\cafein\system\CodeIgniter.php(318): CodeIgniter\CodeIgniter->handleRequest(NULL, Object(Config\Cache), false)
#3 C:\xampp\htdocs\cafein\index.php(37): CodeIgniter\CodeIgniter->run()
#4 {main}
CRITICAL - 2023-11-22 09:58:05 --> Class "App\Controllers\MembershipModel" not found
#0 C:\xampp\htdocs\cafein\system\CodeIgniter.php(801): App\Controllers\Dashboard->__construct()
#1 C:\xampp\htdocs\cafein\system\CodeIgniter.php(401): CodeIgniter\CodeIgniter->createController()
#2 C:\xampp\htdocs\cafein\system\CodeIgniter.php(318): CodeIgniter\CodeIgniter->handleRequest(NULL, Object(Config\Cache), false)
#3 C:\xampp\htdocs\cafein\index.php(37): CodeIgniter\CodeIgniter->run()
#4 {main}
CRITICAL - 2023-11-22 09:58:06 --> Class "App\Controllers\MembershipModel" not found
#0 C:\xampp\htdocs\cafein\system\CodeIgniter.php(801): App\Controllers\Dashboard->__construct()
#1 C:\xampp\htdocs\cafein\system\CodeIgniter.php(401): CodeIgniter\CodeIgniter->createController()
#2 C:\xampp\htdocs\cafein\system\CodeIgniter.php(318): CodeIgniter\CodeIgniter->handleRequest(NULL, Object(Config\Cache), false)
#3 C:\xampp\htdocs\cafein\index.php(37): CodeIgniter\CodeIgniter->run()
#4 {main}
CRITICAL - 2023-11-22 09:58:07 --> Class "App\Controllers\MembershipModel" not found
#0 C:\xampp\htdocs\cafein\system\CodeIgniter.php(801): App\Controllers\Dashboard->__construct()
#1 C:\xampp\htdocs\cafein\system\CodeIgniter.php(401): CodeIgniter\CodeIgniter->createController()
#2 C:\xampp\htdocs\cafein\system\CodeIgniter.php(318): CodeIgniter\CodeIgniter->handleRequest(NULL, Object(Config\Cache), false)
#3 C:\xampp\htdocs\cafein\index.php(37): CodeIgniter\CodeIgniter->run()
#4 {main}
CRITICAL - 2023-11-22 09:58:08 --> Class "App\Controllers\MembershipModel" not found
#0 C:\xampp\htdocs\cafein\system\CodeIgniter.php(801): App\Controllers\Dashboard->__construct()
#1 C:\xampp\htdocs\cafein\system\CodeIgniter.php(401): CodeIgniter\CodeIgniter->createController()
#2 C:\xampp\htdocs\cafein\system\CodeIgniter.php(318): CodeIgniter\CodeIgniter->handleRequest(NULL, Object(Config\Cache), false)
#3 C:\xampp\htdocs\cafein\index.php(37): CodeIgniter\CodeIgniter->run()
#4 {main}
CRITICAL - 2023-11-22 09:58:09 --> Class "App\Controllers\MembershipModel" not found
#0 C:\xampp\htdocs\cafein\system\CodeIgniter.php(801): App\Controllers\Dashboard->__construct()
#1 C:\xampp\htdocs\cafein\system\CodeIgniter.php(401): CodeIgniter\CodeIgniter->createController()
#2 C:\xampp\htdocs\cafein\system\CodeIgniter.php(318): CodeIgniter\CodeIgniter->handleRequest(NULL, Object(Config\Cache), false)
#3 C:\xampp\htdocs\cafein\index.php(37): CodeIgniter\CodeIgniter->run()
#4 {main}
CRITICAL - 2023-11-22 09:58:10 --> Class "App\Controllers\MembershipModel" not found
#0 C:\xampp\htdocs\cafein\system\CodeIgniter.php(801): App\Controllers\Dashboard->__construct()
#1 C:\xampp\htdocs\cafein\system\CodeIgniter.php(401): CodeIgniter\CodeIgniter->createController()
#2 C:\xampp\htdocs\cafein\system\CodeIgniter.php(318): CodeIgniter\CodeIgniter->handleRequest(NULL, Object(Config\Cache), false)
#3 C:\xampp\htdocs\cafein\index.php(37): CodeIgniter\CodeIgniter->run()
#4 {main}
CRITICAL - 2023-11-22 09:58:11 --> Class "App\Controllers\MembershipModel" not found
#0 C:\xampp\htdocs\cafein\system\CodeIgniter.php(801): App\Controllers\Dashboard->__construct()
#1 C:\xampp\htdocs\cafein\system\CodeIgniter.php(401): CodeIgniter\CodeIgniter->createController()
#2 C:\xampp\htdocs\cafein\system\CodeIgniter.php(318): CodeIgniter\CodeIgniter->handleRequest(NULL, Object(Config\Cache), false)
#3 C:\xampp\htdocs\cafein\index.php(37): CodeIgniter\CodeIgniter->run()
#4 {main}
CRITICAL - 2023-11-22 09:58:12 --> Class "App\Controllers\MembershipModel" not found
#0 C:\xampp\htdocs\cafein\system\CodeIgniter.php(801): App\Controllers\Dashboard->__construct()
#1 C:\xampp\htdocs\cafein\system\CodeIgniter.php(401): CodeIgniter\CodeIgniter->createController()
#2 C:\xampp\htdocs\cafein\system\CodeIgniter.php(318): CodeIgniter\CodeIgniter->handleRequest(NULL, Object(Config\Cache), false)
#3 C:\xampp\htdocs\cafein\index.php(37): CodeIgniter\CodeIgniter->run()
#4 {main}
CRITICAL - 2023-11-22 09:58:13 --> Class "App\Controllers\MembershipModel" not found
#0 C:\xampp\htdocs\cafein\system\CodeIgniter.php(801): App\Controllers\Dashboard->__construct()
#1 C:\xampp\htdocs\cafein\system\CodeIgniter.php(401): CodeIgniter\CodeIgniter->createController()
#2 C:\xampp\htdocs\cafein\system\CodeIgniter.php(318): CodeIgniter\CodeIgniter->handleRequest(NULL, Object(Config\Cache), false)
#3 C:\xampp\htdocs\cafein\index.php(37): CodeIgniter\CodeIgniter->run()
#4 {main}
CRITICAL - 2023-11-22 09:58:14 --> Class "App\Controllers\MembershipModel" not found
#0 C:\xampp\htdocs\cafein\system\CodeIgniter.php(801): App\Controllers\Dashboard->__construct()
#1 C:\xampp\htdocs\cafein\system\CodeIgniter.php(401): CodeIgniter\CodeIgniter->createController()
#2 C:\xampp\htdocs\cafein\system\CodeIgniter.php(318): CodeIgniter\CodeIgniter->handleRequest(NULL, Object(Config\Cache), false)
#3 C:\xampp\htdocs\cafein\index.php(37): CodeIgniter\CodeIgniter->run()
#4 {main}
CRITICAL - 2023-11-22 09:58:15 --> Class "App\Controllers\MembershipModel" not found
#0 C:\xampp\htdocs\cafein\system\CodeIgniter.php(801): App\Controllers\Dashboard->__construct()
#1 C:\xampp\htdocs\cafein\system\CodeIgniter.php(401): CodeIgniter\CodeIgniter->createController()
#2 C:\xampp\htdocs\cafein\system\CodeIgniter.php(318): CodeIgniter\CodeIgniter->handleRequest(NULL, Object(Config\Cache), false)
#3 C:\xampp\htdocs\cafein\index.php(37): CodeIgniter\CodeIgniter->run()
#4 {main}
CRITICAL - 2023-11-22 09:58:16 --> Class "App\Controllers\MembershipModel" not found
#0 C:\xampp\htdocs\cafein\system\CodeIgniter.php(801): App\Controllers\Dashboard->__construct()
#1 C:\xampp\htdocs\cafein\system\CodeIgniter.php(401): CodeIgniter\CodeIgniter->createController()
#2 C:\xampp\htdocs\cafein\system\CodeIgniter.php(318): CodeIgniter\CodeIgniter->handleRequest(NULL, Object(Config\Cache), false)
#3 C:\xampp\htdocs\cafein\index.php(37): CodeIgniter\CodeIgniter->run()
#4 {main}
CRITICAL - 2023-11-22 09:58:18 --> Class "App\Controllers\MembershipModel" not found
#0 C:\xampp\htdocs\cafein\system\CodeIgniter.php(801): App\Controllers\Dashboard->__construct()
#1 C:\xampp\htdocs\cafein\system\CodeIgniter.php(401): CodeIgniter\CodeIgniter->createController()
#2 C:\xampp\htdocs\cafein\system\CodeIgniter.php(318): CodeIgniter\CodeIgniter->handleRequest(NULL, Object(Config\Cache), false)
#3 C:\xampp\htdocs\cafein\index.php(37): CodeIgniter\CodeIgniter->run()
#4 {main}
CRITICAL - 2023-11-22 09:58:18 --> Class "App\Controllers\MembershipModel" not found
#0 C:\xampp\htdocs\cafein\system\CodeIgniter.php(801): App\Controllers\Dashboard->__construct()
#1 C:\xampp\htdocs\cafein\system\CodeIgniter.php(401): CodeIgniter\CodeIgniter->createController()
#2 C:\xampp\htdocs\cafein\system\CodeIgniter.php(318): CodeIgniter\CodeIgniter->handleRequest(NULL, Object(Config\Cache), false)
#3 C:\xampp\htdocs\cafein\index.php(37): CodeIgniter\CodeIgniter->run()
#4 {main}
CRITICAL - 2023-11-22 09:58:20 --> Class "App\Controllers\MembershipModel" not found
#0 C:\xampp\htdocs\cafein\system\CodeIgniter.php(801): App\Controllers\Dashboard->__construct()
#1 C:\xampp\htdocs\cafein\system\CodeIgniter.php(401): CodeIgniter\CodeIgniter->createController()
#2 C:\xampp\htdocs\cafein\system\CodeIgniter.php(318): CodeIgniter\CodeIgniter->handleRequest(NULL, Object(Config\Cache), false)
#3 C:\xampp\htdocs\cafein\index.php(37): CodeIgniter\CodeIgniter->run()
#4 {main}
CRITICAL - 2023-11-22 09:58:20 --> Class "App\Controllers\MembershipModel" not found
#0 C:\xampp\htdocs\cafein\system\CodeIgniter.php(801): App\Controllers\Dashboard->__construct()
#1 C:\xampp\htdocs\cafein\system\CodeIgniter.php(401): CodeIgniter\CodeIgniter->createController()
#2 C:\xampp\htdocs\cafein\system\CodeIgniter.php(318): CodeIgniter\CodeIgniter->handleRequest(NULL, Object(Config\Cache), false)
#3 C:\xampp\htdocs\cafein\index.php(37): CodeIgniter\CodeIgniter->run()
#4 {main}
CRITICAL - 2023-11-22 09:58:21 --> Class "App\Controllers\MembershipModel" not found
#0 C:\xampp\htdocs\cafein\system\CodeIgniter.php(801): App\Controllers\Dashboard->__construct()
#1 C:\xampp\htdocs\cafein\system\CodeIgniter.php(401): CodeIgniter\CodeIgniter->createController()
#2 C:\xampp\htdocs\cafein\system\CodeIgniter.php(318): CodeIgniter\CodeIgniter->handleRequest(NULL, Object(Config\Cache), false)
#3 C:\xampp\htdocs\cafein\index.php(37): CodeIgniter\CodeIgniter->run()
#4 {main}
CRITICAL - 2023-11-22 09:58:23 --> Class "App\Controllers\MembershipModel" not found
#0 C:\xampp\htdocs\cafein\system\CodeIgniter.php(801): App\Controllers\Dashboard->__construct()
#1 C:\xampp\htdocs\cafein\system\CodeIgniter.php(401): CodeIgniter\CodeIgniter->createController()
#2 C:\xampp\htdocs\cafein\system\CodeIgniter.php(318): CodeIgniter\CodeIgniter->handleRequest(NULL, Object(Config\Cache), false)
#3 C:\xampp\htdocs\cafein\index.php(37): CodeIgniter\CodeIgniter->run()
#4 {main}
CRITICAL - 2023-11-22 09:58:23 --> Class "App\Controllers\MembershipModel" not found
#0 C:\xampp\htdocs\cafein\system\CodeIgniter.php(801): App\Controllers\Dashboard->__construct()
#1 C:\xampp\htdocs\cafein\system\CodeIgniter.php(401): CodeIgniter\CodeIgniter->createController()
#2 C:\xampp\htdocs\cafein\system\CodeIgniter.php(318): CodeIgniter\CodeIgniter->handleRequest(NULL, Object(Config\Cache), false)
#3 C:\xampp\htdocs\cafein\index.php(37): CodeIgniter\CodeIgniter->run()
#4 {main}
CRITICAL - 2023-11-22 09:58:24 --> Class "App\Controllers\MembershipModel" not found
#0 C:\xampp\htdocs\cafein\system\CodeIgniter.php(801): App\Controllers\Dashboard->__construct()
#1 C:\xampp\htdocs\cafein\system\CodeIgniter.php(401): CodeIgniter\CodeIgniter->createController()
#2 C:\xampp\htdocs\cafein\system\CodeIgniter.php(318): CodeIgniter\CodeIgniter->handleRequest(NULL, Object(Config\Cache), false)
#3 C:\xampp\htdocs\cafein\index.php(37): CodeIgniter\CodeIgniter->run()
#4 {main}
CRITICAL - 2023-11-22 09:58:25 --> Class "App\Controllers\MembershipModel" not found
#0 C:\xampp\htdocs\cafein\system\CodeIgniter.php(801): App\Controllers\Dashboard->__construct()
#1 C:\xampp\htdocs\cafein\system\CodeIgniter.php(401): CodeIgniter\CodeIgniter->createController()
#2 C:\xampp\htdocs\cafein\system\CodeIgniter.php(318): CodeIgniter\CodeIgniter->handleRequest(NULL, Object(Config\Cache), false)
#3 C:\xampp\htdocs\cafein\index.php(37): CodeIgniter\CodeIgniter->run()
#4 {main}
CRITICAL - 2023-11-22 09:58:26 --> Class "App\Controllers\MembershipModel" not found
#0 C:\xampp\htdocs\cafein\system\CodeIgniter.php(801): App\Controllers\Dashboard->__construct()
#1 C:\xampp\htdocs\cafein\system\CodeIgniter.php(401): CodeIgniter\CodeIgniter->createController()
#2 C:\xampp\htdocs\cafein\system\CodeIgniter.php(318): CodeIgniter\CodeIgniter->handleRequest(NULL, Object(Config\Cache), false)
#3 C:\xampp\htdocs\cafein\index.php(37): CodeIgniter\CodeIgniter->run()
#4 {main}
CRITICAL - 2023-11-22 09:58:27 --> Class "App\Controllers\MembershipModel" not found
#0 C:\xampp\htdocs\cafein\system\CodeIgniter.php(801): App\Controllers\Dashboard->__construct()
#1 C:\xampp\htdocs\cafein\system\CodeIgniter.php(401): CodeIgniter\CodeIgniter->createController()
#2 C:\xampp\htdocs\cafein\system\CodeIgniter.php(318): CodeIgniter\CodeIgniter->handleRequest(NULL, Object(Config\Cache), false)
#3 C:\xampp\htdocs\cafein\index.php(37): CodeIgniter\CodeIgniter->run()
#4 {main}
CRITICAL - 2023-11-22 09:58:28 --> Class "App\Controllers\MembershipModel" not found
#0 C:\xampp\htdocs\cafein\system\CodeIgniter.php(801): App\Controllers\Dashboard->__construct()
#1 C:\xampp\htdocs\cafein\system\CodeIgniter.php(401): CodeIgniter\CodeIgniter->createController()
#2 C:\xampp\htdocs\cafein\system\CodeIgniter.php(318): CodeIgniter\CodeIgniter->handleRequest(NULL, Object(Config\Cache), false)
#3 C:\xampp\htdocs\cafein\index.php(37): CodeIgniter\CodeIgniter->run()
#4 {main}
CRITICAL - 2023-11-22 09:58:29 --> Class "App\Controllers\MembershipModel" not found
#0 C:\xampp\htdocs\cafein\system\CodeIgniter.php(801): App\Controllers\Dashboard->__construct()
#1 C:\xampp\htdocs\cafein\system\CodeIgniter.php(401): CodeIgniter\CodeIgniter->createController()
#2 C:\xampp\htdocs\cafein\system\CodeIgniter.php(318): CodeIgniter\CodeIgniter->handleRequest(NULL, Object(Config\Cache), false)
#3 C:\xampp\htdocs\cafein\index.php(37): CodeIgniter\CodeIgniter->run()
#4 {main}
CRITICAL - 2023-11-22 09:58:30 --> Class "App\Controllers\MembershipModel" not found
#0 C:\xampp\htdocs\cafein\system\CodeIgniter.php(801): App\Controllers\Dashboard->__construct()
#1 C:\xampp\htdocs\cafein\system\CodeIgniter.php(401): CodeIgniter\CodeIgniter->createController()
#2 C:\xampp\htdocs\cafein\system\CodeIgniter.php(318): CodeIgniter\CodeIgniter->handleRequest(NULL, Object(Config\Cache), false)
#3 C:\xampp\htdocs\cafein\index.php(37): CodeIgniter\CodeIgniter->run()
#4 {main}
CRITICAL - 2023-11-22 09:58:31 --> Class "App\Controllers\MembershipModel" not found
#0 C:\xampp\htdocs\cafein\system\CodeIgniter.php(801): App\Controllers\Dashboard->__construct()
#1 C:\xampp\htdocs\cafein\system\CodeIgniter.php(401): CodeIgniter\CodeIgniter->createController()
#2 C:\xampp\htdocs\cafein\system\CodeIgniter.php(318): CodeIgniter\CodeIgniter->handleRequest(NULL, Object(Config\Cache), false)
#3 C:\xampp\htdocs\cafein\index.php(37): CodeIgniter\CodeIgniter->run()
#4 {main}
CRITICAL - 2023-11-22 09:58:32 --> Class "App\Controllers\MembershipModel" not found
#0 C:\xampp\htdocs\cafein\system\CodeIgniter.php(801): App\Controllers\Dashboard->__construct()
#1 C:\xampp\htdocs\cafein\system\CodeIgniter.php(401): CodeIgniter\CodeIgniter->createController()
#2 C:\xampp\htdocs\cafein\system\CodeIgniter.php(318): CodeIgniter\CodeIgniter->handleRequest(NULL, Object(Config\Cache), false)
#3 C:\xampp\htdocs\cafein\index.php(37): CodeIgniter\CodeIgniter->run()
#4 {main}
CRITICAL - 2023-11-22 09:58:34 --> Class "App\Controllers\MembershipModel" not found
#0 C:\xampp\htdocs\cafein\system\CodeIgniter.php(801): App\Controllers\Dashboard->__construct()
#1 C:\xampp\htdocs\cafein\system\CodeIgniter.php(401): CodeIgniter\CodeIgniter->createController()
#2 C:\xampp\htdocs\cafein\system\CodeIgniter.php(318): CodeIgniter\CodeIgniter->handleRequest(NULL, Object(Config\Cache), false)
#3 C:\xampp\htdocs\cafein\index.php(37): CodeIgniter\CodeIgniter->run()
#4 {main}
CRITICAL - 2023-11-22 10:06:46 --> syntax error, unexpected token "endif"
#0 C:\xampp\htdocs\cafein\system\View\View.php(217): CodeIgniter\View\View->CodeIgniter\View\{closure}()
#1 C:\xampp\htdocs\cafein\system\Common.php(1097): CodeIgniter\View\View->render('dashboard', Array, true)
#2 C:\xampp\htdocs\cafein\app\Controllers\Dashboard.php(44): view('dashboard', Array)
#3 C:\xampp\htdocs\cafein\system\CodeIgniter.php(824): App\Controllers\Dashboard->index()
#4 C:\xampp\htdocs\cafein\system\CodeIgniter.php(410): CodeIgniter\CodeIgniter->runController(Object(App\Controllers\Dashboard))
#5 C:\xampp\htdocs\cafein\system\CodeIgniter.php(318): CodeIgniter\CodeIgniter->handleRequest(NULL, Object(Config\Cache), false)
#6 C:\xampp\htdocs\cafein\index.php(37): CodeIgniter\CodeIgniter->run()
#7 {main}
CRITICAL - 2023-11-22 10:06:49 --> syntax error, unexpected token "endif"
#0 C:\xampp\htdocs\cafein\system\View\View.php(217): CodeIgniter\View\View->CodeIgniter\View\{closure}()
#1 C:\xampp\htdocs\cafein\system\Common.php(1097): CodeIgniter\View\View->render('dashboard', Array, true)
#2 C:\xampp\htdocs\cafein\app\Controllers\Dashboard.php(44): view('dashboard', Array)
#3 C:\xampp\htdocs\cafein\system\CodeIgniter.php(824): App\Controllers\Dashboard->index()
#4 C:\xampp\htdocs\cafein\system\CodeIgniter.php(410): CodeIgniter\CodeIgniter->runController(Object(App\Controllers\Dashboard))
#5 C:\xampp\htdocs\cafein\system\CodeIgniter.php(318): CodeIgniter\CodeIgniter->handleRequest(NULL, Object(Config\Cache), false)
#6 C:\xampp\htdocs\cafein\index.php(37): CodeIgniter\CodeIgniter->run()
#7 {main}
CRITICAL - 2023-11-22 10:08:22 --> Trying to access array offset on value of type int
#0 C:\xampp\htdocs\cafein\app\Views\dashboard.php(78): CodeIgniter\Debug\Exceptions->errorHandler(2, 'Trying to acces...', 'C:\\xampp\\htdocs...', 78)
#1 C:\xampp\htdocs\cafein\system\View\View.php(214): include('C:\\xampp\\htdocs...')
#2 C:\xampp\htdocs\cafein\system\View\View.php(217): CodeIgniter\View\View->CodeIgniter\View\{closure}()
#3 C:\xampp\htdocs\cafein\system\Common.php(1097): CodeIgniter\View\View->render('dashboard', Array, true)
#4 C:\xampp\htdocs\cafein\app\Controllers\Dashboard.php(44): view('dashboard', Array)
#5 C:\xampp\htdocs\cafein\system\CodeIgniter.php(824): App\Controllers\Dashboard->index()
#6 C:\xampp\htdocs\cafein\system\CodeIgniter.php(410): CodeIgniter\CodeIgniter->runController(Object(App\Controllers\Dashboard))
#7 C:\xampp\htdocs\cafein\system\CodeIgniter.php(318): CodeIgniter\CodeIgniter->handleRequest(NULL, Object(Config\Cache), false)
#8 C:\xampp\htdocs\cafein\index.php(37): CodeIgniter\CodeIgniter->run()
#9 {main}
CRITICAL - 2023-11-22 10:08:23 --> Trying to access array offset on value of type int
#0 C:\xampp\htdocs\cafein\app\Views\dashboard.php(78): CodeIgniter\Debug\Exceptions->errorHandler(2, 'Trying to acces...', 'C:\\xampp\\htdocs...', 78)
#1 C:\xampp\htdocs\cafein\system\View\View.php(214): include('C:\\xampp\\htdocs...')
#2 C:\xampp\htdocs\cafein\system\View\View.php(217): CodeIgniter\View\View->CodeIgniter\View\{closure}()
#3 C:\xampp\htdocs\cafein\system\Common.php(1097): CodeIgniter\View\View->render('dashboard', Array, true)
#4 C:\xampp\htdocs\cafein\app\Controllers\Dashboard.php(44): view('dashboard', Array)
#5 C:\xampp\htdocs\cafein\system\CodeIgniter.php(824): App\Controllers\Dashboard->index()
#6 C:\xampp\htdocs\cafein\system\CodeIgniter.php(410): CodeIgniter\CodeIgniter->runController(Object(App\Controllers\Dashboard))
#7 C:\xampp\htdocs\cafein\system\CodeIgniter.php(318): CodeIgniter\CodeIgniter->handleRequest(NULL, Object(Config\Cache), false)
#8 C:\xampp\htdocs\cafein\index.php(37): CodeIgniter\CodeIgniter->run()
#9 {main}
CRITICAL - 2023-11-22 10:08:27 --> Trying to access array offset on value of type int
#0 C:\xampp\htdocs\cafein\app\Views\dashboard.php(78): CodeIgniter\Debug\Exceptions->errorHandler(2, 'Trying to acces...', 'C:\\xampp\\htdocs...', 78)
#1 C:\xampp\htdocs\cafein\system\View\View.php(214): include('C:\\xampp\\htdocs...')
#2 C:\xampp\htdocs\cafein\system\View\View.php(217): CodeIgniter\View\View->CodeIgniter\View\{closure}()
#3 C:\xampp\htdocs\cafein\system\Common.php(1097): CodeIgniter\View\View->render('dashboard', Array, true)
#4 C:\xampp\htdocs\cafein\app\Controllers\Dashboard.php(44): view('dashboard', Array)
#5 C:\xampp\htdocs\cafein\system\CodeIgniter.php(824): App\Controllers\Dashboard->index()
#6 C:\xampp\htdocs\cafein\system\CodeIgniter.php(410): CodeIgniter\CodeIgniter->runController(Object(App\Controllers\Dashboard))
#7 C:\xampp\htdocs\cafein\system\CodeIgniter.php(318): CodeIgniter\CodeIgniter->handleRequest(NULL, Object(Config\Cache), false)
#8 C:\xampp\htdocs\cafein\index.php(37): CodeIgniter\CodeIgniter->run()
#9 {main}
CRITICAL - 2023-11-22 10:08:28 --> Trying to access array offset on value of type int
#0 C:\xampp\htdocs\cafein\app\Views\dashboard.php(78): CodeIgniter\Debug\Exceptions->errorHandler(2, 'Trying to acces...', 'C:\\xampp\\htdocs...', 78)
#1 C:\xampp\htdocs\cafein\system\View\View.php(214): include('C:\\xampp\\htdocs...')
#2 C:\xampp\htdocs\cafein\system\View\View.php(217): CodeIgniter\View\View->CodeIgniter\View\{closure}()
#3 C:\xampp\htdocs\cafein\system\Common.php(1097): CodeIgniter\View\View->render('dashboard', Array, true)
#4 C:\xampp\htdocs\cafein\app\Controllers\Dashboard.php(44): view('dashboard', Array)
#5 C:\xampp\htdocs\cafein\system\CodeIgniter.php(824): App\Controllers\Dashboard->index()
#6 C:\xampp\htdocs\cafein\system\CodeIgniter.php(410): CodeIgniter\CodeIgniter->runController(Object(App\Controllers\Dashboard))
#7 C:\xampp\htdocs\cafein\system\CodeIgniter.php(318): CodeIgniter\CodeIgniter->handleRequest(NULL, Object(Config\Cache), false)
#8 C:\xampp\htdocs\cafein\index.php(37): CodeIgniter\CodeIgniter->run()
#9 {main}
CRITICAL - 2023-11-22 10:23:24 --> Undefined array key "uer_id"
#0 C:\xampp\htdocs\cafein\app\Views\dashboard.php(87): CodeIgniter\Debug\Exceptions->errorHandler(2, 'Undefined array...', 'C:\\xampp\\htdocs...', 87)
#1 C:\xampp\htdocs\cafein\system\View\View.php(214): include('C:\\xampp\\htdocs...')
#2 C:\xampp\htdocs\cafein\system\View\View.php(217): CodeIgniter\View\View->CodeIgniter\View\{closure}()
#3 C:\xampp\htdocs\cafein\system\Common.php(1097): CodeIgniter\View\View->render('dashboard', Array, true)
#4 C:\xampp\htdocs\cafein\app\Controllers\Dashboard.php(44): view('dashboard', Array)
#5 C:\xampp\htdocs\cafein\system\CodeIgniter.php(824): App\Controllers\Dashboard->index()
#6 C:\xampp\htdocs\cafein\system\CodeIgniter.php(410): CodeIgniter\CodeIgniter->runController(Object(App\Controllers\Dashboard))
#7 C:\xampp\htdocs\cafein\system\CodeIgniter.php(318): CodeIgniter\CodeIgniter->handleRequest(NULL, Object(Config\Cache), false)
#8 C:\xampp\htdocs\cafein\index.php(37): CodeIgniter\CodeIgniter->run()
#9 {main}
CRITICAL - 2023-11-22 10:23:26 --> Undefined array key "uer_id"
#0 C:\xampp\htdocs\cafein\app\Views\dashboard.php(87): CodeIgniter\Debug\Exceptions->errorHandler(2, 'Undefined array...', 'C:\\xampp\\htdocs...', 87)
#1 C:\xampp\htdocs\cafein\system\View\View.php(214): include('C:\\xampp\\htdocs...')
#2 C:\xampp\htdocs\cafein\system\View\View.php(217): CodeIgniter\View\View->CodeIgniter\View\{closure}()
#3 C:\xampp\htdocs\cafein\system\Common.php(1097): CodeIgniter\View\View->render('dashboard', Array, true)
#4 C:\xampp\htdocs\cafein\app\Controllers\Dashboard.php(44): view('dashboard', Array)
#5 C:\xampp\htdocs\cafein\system\CodeIgniter.php(824): App\Controllers\Dashboard->index()
#6 C:\xampp\htdocs\cafein\system\CodeIgniter.php(410): CodeIgniter\CodeIgniter->runController(Object(App\Controllers\Dashboard))
#7 C:\xampp\htdocs\cafein\system\CodeIgniter.php(318): CodeIgniter\CodeIgniter->handleRequest(NULL, Object(Config\Cache), false)
#8 C:\xampp\htdocs\cafein\index.php(37): CodeIgniter\CodeIgniter->run()
#9 {main}
CRITICAL - 2023-11-22 10:23:29 --> Undefined array key "uer_id"
#0 C:\xampp\htdocs\cafein\app\Views\dashboard.php(87): CodeIgniter\Debug\Exceptions->errorHandler(2, 'Undefined array...', 'C:\\xampp\\htdocs...', 87)
#1 C:\xampp\htdocs\cafein\system\View\View.php(214): include('C:\\xampp\\htdocs...')
#2 C:\xampp\htdocs\cafein\system\View\View.php(217): CodeIgniter\View\View->CodeIgniter\View\{closure}()
#3 C:\xampp\htdocs\cafein\system\Common.php(1097): CodeIgniter\View\View->render('dashboard', Array, true)
#4 C:\xampp\htdocs\cafein\app\Controllers\Dashboard.php(44): view('dashboard', Array)
#5 C:\xampp\htdocs\cafein\system\CodeIgniter.php(824): App\Controllers\Dashboard->index()
#6 C:\xampp\htdocs\cafein\system\CodeIgniter.php(410): CodeIgniter\CodeIgniter->runController(Object(App\Controllers\Dashboard))
#7 C:\xampp\htdocs\cafein\system\CodeIgniter.php(318): CodeIgniter\CodeIgniter->handleRequest(NULL, Object(Config\Cache), false)
#8 C:\xampp\htdocs\cafein\index.php(37): CodeIgniter\CodeIgniter->run()
#9 {main}
CRITICAL - 2023-11-22 10:32:24 --> Trying to access array offset on value of type int
#0 C:\xampp\htdocs\cafein\app\Views\dashboard.php(78): CodeIgniter\Debug\Exceptions->errorHandler(2, 'Trying to acces...', 'C:\\xampp\\htdocs...', 78)
#1 C:\xampp\htdocs\cafein\system\View\View.php(214): include('C:\\xampp\\htdocs...')
#2 C:\xampp\htdocs\cafein\system\View\View.php(217): CodeIgniter\View\View->CodeIgniter\View\{closure}()
#3 C:\xampp\htdocs\cafein\system\Common.php(1097): CodeIgniter\View\View->render('dashboard', Array, true)
#4 C:\xampp\htdocs\cafein\app\Controllers\Dashboard.php(44): view('dashboard', Array)
#5 C:\xampp\htdocs\cafein\system\CodeIgniter.php(824): App\Controllers\Dashboard->index()
#6 C:\xampp\htdocs\cafein\system\CodeIgniter.php(410): CodeIgniter\CodeIgniter->runController(Object(App\Controllers\Dashboard))
#7 C:\xampp\htdocs\cafein\system\CodeIgniter.php(318): CodeIgniter\CodeIgniter->handleRequest(NULL, Object(Config\Cache), false)
#8 C:\xampp\htdocs\cafein\index.php(37): CodeIgniter\CodeIgniter->run()
#9 {main}
CRITICAL - 2023-11-22 10:39:31 --> Undefined array key "userid"
#0 C:\xampp\htdocs\cafein\app\Views\dashboard.php(78): CodeIgniter\Debug\Exceptions->errorHandler(2, 'Undefined array...', 'C:\\xampp\\htdocs...', 78)
#1 C:\xampp\htdocs\cafein\system\View\View.php(214): include('C:\\xampp\\htdocs...')
#2 C:\xampp\htdocs\cafein\system\View\View.php(217): CodeIgniter\View\View->CodeIgniter\View\{closure}()
#3 C:\xampp\htdocs\cafein\system\Common.php(1097): CodeIgniter\View\View->render('dashboard', Array, true)
#4 C:\xampp\htdocs\cafein\app\Controllers\Dashboard.php(44): view('dashboard', Array)
#5 C:\xampp\htdocs\cafein\system\CodeIgniter.php(824): App\Controllers\Dashboard->index()
#6 C:\xampp\htdocs\cafein\system\CodeIgniter.php(410): CodeIgniter\CodeIgniter->runController(Object(App\Controllers\Dashboard))
#7 C:\xampp\htdocs\cafein\system\CodeIgniter.php(318): CodeIgniter\CodeIgniter->handleRequest(NULL, Object(Config\Cache), false)
#8 C:\xampp\htdocs\cafein\index.php(37): CodeIgniter\CodeIgniter->run()
#9 {main}
